This is pdfTeX, Version 3.14159265-2.6-1.40.21 (TeX Live 2020/W32TeX) (preloaded format=pdflatex 2020.8.12)  1 SEP 2020 10:10
entering extended mode
 restricted \write18 enabled.
 %&-line parsing enabled.
**dfoliatR_ms.tex
(./dfoliatR_ms.tex
LaTeX2e <2020-02-02> patch level 5
L3 programming layer <2020-08-07> (./elsarticle.cls
Document Class: elsarticle 2008/05/22, 1.0.1: Elsevier Science
\@bls=\dimen134

(c:/Users/chguiterman/AppData/Roaming/TinyTeX/texmf-dist/tex/latex/base/article
.cls
Document Class: article 2019/12/20 v1.4l Standard LaTeX document class

(c:/Users/chguiterman/AppData/Roaming/TinyTeX/texmf-dist/tex/latex/base/size10.
clo
File: size10.clo 2019/12/20 v1.4l Standard LaTeX file (size option)
)
\c@part=\count168
\c@section=\count169
\c@subsection=\count170
\c@subsubsection=\count171
\c@paragraph=\count172
\c@subparagraph=\count173
\c@figure=\count174
\c@table=\count175
\abovecaptionskip=\skip47
\belowcaptionskip=\skip48
\bibindent=\dimen135
)
(c:/Users/chguiterman/AppData/Roaming/TinyTeX/texmf-dist/tex/latex/graphics/gra
phicx.sty
Package: graphicx 2019/11/30 v1.2a Enhanced LaTeX Graphics (DPC,SPQR)

(c:/Users/chguiterman/AppData/Roaming/TinyTeX/texmf-dist/tex/latex/graphics/key
val.sty
Package: keyval 2014/10/28 v1.15 key=value parser (DPC)
\KV@toks@=\toks15
)
(c:/Users/chguiterman/AppData/Roaming/TinyTeX/texmf-dist/tex/latex/graphics/gra
phics.sty
Package: graphics 2019/11/30 v1.4a Standard LaTeX Graphics (DPC,SPQR)

(c:/Users/chguiterman/AppData/Roaming/TinyTeX/texmf-dist/tex/latex/graphics/tri
g.sty
Package: trig 2016/01/03 v1.10 sin cos tan (DPC)
)
(c:/Users/chguiterman/AppData/Roaming/TinyTeX/texmf-dist/tex/latex/graphics-cfg
/graphics.cfg
File: graphics.cfg 2016/06/04 v1.11 sample graphics configuration
)
Package graphics Info: Driver file: pdftex.def on input line 105.

(c:/Users/chguiterman/AppData/Roaming/TinyTeX/texmf-dist/tex/latex/graphics-def
/pdftex.def
File: pdftex.def 2018/01/08 v1.0l Graphics/color driver for pdftex
))
\Gin@req@height=\dimen136
\Gin@req@width=\dimen137
)
(c:/Users/chguiterman/AppData/Roaming/TinyTeX/texmf-dist/tex/latex/psnfss/pifon
t.sty
Package: pifont 2020/03/25 PSNFSS-v9.3 Pi font support (SPQR) 
LaTeX Font Info:    Trying to load font information for U+pzd on input line 63.


(c:/Users/chguiterman/AppData/Roaming/TinyTeX/texmf-dist/tex/latex/psnfss/upzd.
fd
File: upzd.fd 2001/06/04 font definitions for U/pzd.
)
LaTeX Font Info:    Trying to load font information for U+psy on input line 64.


(c:/Users/chguiterman/AppData/Roaming/TinyTeX/texmf-dist/tex/latex/psnfss/upsy.
fd
File: upsy.fd 2001/06/04 font definitions for U/psy.
))
\c@tnote=\count176
\c@fnote=\count177
\c@cnote=\count178
\c@ead=\count179
\c@author=\count180
\@eadauthor=\toks16
\c@affn=\count181
\absbox=\box45
\keybox=\box46
\Columnwidth=\dimen138
\space@left=\dimen139
\els@boxa=\box47
\els@boxb=\box48
\leftMargin=\dimen140
\@enLab=\toks17
\@sep=\skip49
\@@sep=\skip50
(./dfoliatR_ms.spl)
(c:/Users/chguiterman/AppData/Roaming/TinyTeX/texmf-dist/tex/latex/natbib/natbi
b.sty
Package: natbib 2010/09/13 8.31b (PWD, AO)
\bibhang=\skip51
\bibsep=\skip52
LaTeX Info: Redefining \cite on input line 694.
\c@NAT@ctr=\count182
)
\splwrite=\write3
\openout3 = `dfoliatR_ms.spl'.

) (c:/Users/chguiterman/AppData/Roaming/TinyTeX/texmf-dist/tex/latex/url/url.st
y
\Urlmuskip=\muskip16
Package: url 2013/09/16  ver 3.4  Verb mode for urls, etc.
)
(c:/Users/chguiterman/AppData/Roaming/TinyTeX/texmf-dist/tex/latex/lineno/linen
o.sty
Package: lineno 2005/11/02 line numbers on paragraphs v4.41
\linenopenalty=\count183
\output=\toks18
\linenoprevgraf=\count184
\linenumbersep=\dimen141
\linenumberwidth=\dimen142
\c@linenumber=\count185
\c@pagewiselinenumber=\count186
\c@LN@truepage=\count187
\c@internallinenumber=\count188
\c@internallinenumbers=\count189
\quotelinenumbersep=\dimen143
\bframerule=\dimen144
\bframesep=\dimen145
\bframebox=\box49
LaTeX Info: Redefining \\ on input line 3056.
)
(c:/Users/chguiterman/AppData/Roaming/TinyTeX/texmf-dist/tex/latex/booktabs/boo
ktabs.sty
Package: booktabs 2020/01/12 v1.61803398 Publication quality tables
\heavyrulewidth=\dimen146
\lightrulewidth=\dimen147
\cmidrulewidth=\dimen148
\belowrulesep=\dimen149
\belowbottomsep=\dimen150
\aboverulesep=\dimen151
\abovetopsep=\dimen152
\cmidrulesep=\dimen153
\cmidrulekern=\dimen154
\defaultaddspace=\dimen155
\@cmidla=\count190
\@cmidlb=\count191
\@aboverulesep=\dimen156
\@belowrulesep=\dimen157
\@thisruleclass=\count192
\@lastruleclass=\count193
\@thisrulewidth=\dimen158
)
(c:/Users/chguiterman/AppData/Roaming/TinyTeX/texmf-dist/tex/latex/base/fontenc
.sty
Package: fontenc 2020/02/11 v2.0o Standard LaTeX package
)
(c:/Users/chguiterman/AppData/Roaming/TinyTeX/texmf-dist/tex/latex/lm/lmodern.s
ty
Package: lmodern 2009/10/30 v1.6 Latin Modern Fonts
LaTeX Font Info:    Overwriting symbol font `operators' in version `normal'
(Font)                  OT1/cmr/m/n --> OT1/lmr/m/n on input line 22.
LaTeX Font Info:    Overwriting symbol font `letters' in version `normal'
(Font)                  OML/cmm/m/it --> OML/lmm/m/it on input line 23.
LaTeX Font Info:    Overwriting symbol font `symbols' in version `normal'
(Font)                  OMS/cmsy/m/n --> OMS/lmsy/m/n on input line 24.
LaTeX Font Info:    Overwriting symbol font `largesymbols' in version `normal'
(Font)                  OMX/cmex/m/n --> OMX/lmex/m/n on input line 25.
LaTeX Font Info:    Overwriting symbol font `operators' in version `bold'
(Font)                  OT1/cmr/bx/n --> OT1/lmr/bx/n on input line 26.
LaTeX Font Info:    Overwriting symbol font `letters' in version `bold'
(Font)                  OML/cmm/b/it --> OML/lmm/b/it on input line 27.
LaTeX Font Info:    Overwriting symbol font `symbols' in version `bold'
(Font)                  OMS/cmsy/b/n --> OMS/lmsy/b/n on input line 28.
LaTeX Font Info:    Overwriting symbol font `largesymbols' in version `bold'
(Font)                  OMX/cmex/m/n --> OMX/lmex/m/n on input line 29.
LaTeX Font Info:    Overwriting math alphabet `\mathbf' in version `normal'
(Font)                  OT1/cmr/bx/n --> OT1/lmr/bx/n on input line 31.
LaTeX Font Info:    Overwriting math alphabet `\mathsf' in version `normal'
(Font)                  OT1/cmss/m/n --> OT1/lmss/m/n on input line 32.
LaTeX Font Info:    Overwriting math alphabet `\mathit' in version `normal'
(Font)                  OT1/cmr/m/it --> OT1/lmr/m/it on input line 33.
LaTeX Font Info:    Overwriting math alphabet `\mathtt' in version `normal'
(Font)                  OT1/cmtt/m/n --> OT1/lmtt/m/n on input line 34.
LaTeX Font Info:    Overwriting math alphabet `\mathbf' in version `bold'
(Font)                  OT1/cmr/bx/n --> OT1/lmr/bx/n on input line 35.
LaTeX Font Info:    Overwriting math alphabet `\mathsf' in version `bold'
(Font)                  OT1/cmss/bx/n --> OT1/lmss/bx/n on input line 36.
LaTeX Font Info:    Overwriting math alphabet `\mathit' in version `bold'
(Font)                  OT1/cmr/bx/it --> OT1/lmr/bx/it on input line 37.
LaTeX Font Info:    Overwriting math alphabet `\mathtt' in version `bold'
(Font)                  OT1/cmtt/m/n --> OT1/lmtt/m/n on input line 38.
)
(c:/Users/chguiterman/AppData/Roaming/TinyTeX/texmf-dist/tex/latex/amsfonts/ams
symb.sty
Package: amssymb 2013/01/14 v3.01 AMS font symbols

(c:/Users/chguiterman/AppData/Roaming/TinyTeX/texmf-dist/tex/latex/amsfonts/ams
fonts.sty
Package: amsfonts 2013/01/14 v3.01 Basic AMSFonts support
\@emptytoks=\toks19
\symAMSa=\mathgroup4
\symAMSb=\mathgroup5
LaTeX Font Info:    Redeclaring math symbol \hbar on input line 98.
LaTeX Font Info:    Overwriting math alphabet `\mathfrak' in version `bold'
(Font)                  U/euf/m/n --> U/euf/b/n on input line 106.
))
(c:/Users/chguiterman/AppData/Roaming/TinyTeX/texmf-dist/tex/latex/amsmath/amsm
ath.sty
Package: amsmath 2020/01/20 v2.17e AMS math features
\@mathmargin=\skip53
For additional information on amsmath, use the `?' option.

(c:/Users/chguiterman/AppData/Roaming/TinyTeX/texmf-dist/tex/latex/amsmath/amst
ext.sty
Package: amstext 2000/06/29 v2.01 AMS text

(c:/Users/chguiterman/AppData/Roaming/TinyTeX/texmf-dist/tex/latex/amsmath/amsg
en.sty
File: amsgen.sty 1999/11/30 v2.0 generic functions
\@emptytoks=\toks20
\ex@=\dimen159
))
(c:/Users/chguiterman/AppData/Roaming/TinyTeX/texmf-dist/tex/latex/amsmath/amsb
sy.sty
Package: amsbsy 1999/11/29 v1.2d Bold Symbols
\pmbraise@=\dimen160
)
(c:/Users/chguiterman/AppData/Roaming/TinyTeX/texmf-dist/tex/latex/amsmath/amso
pn.sty
Package: amsopn 2016/03/08 v2.02 operator names
)
\inf@bad=\count194
LaTeX Info: Redefining \frac on input line 227.
\uproot@=\count195
\leftroot@=\count196
LaTeX Info: Redefining \overline on input line 389.
\classnum@=\count197
\DOTSCASE@=\count198
LaTeX Info: Redefining \ldots on input line 486.
LaTeX Info: Redefining \dots on input line 489.
LaTeX Info: Redefining \cdots on input line 610.
\Mathstrutbox@=\box50
\strutbox@=\box51
\big@size=\dimen161
LaTeX Font Info:    Redeclaring font encoding OML on input line 733.
LaTeX Font Info:    Redeclaring font encoding OMS on input line 734.
\macc@depth=\count199
\c@MaxMatrixCols=\count266
\dotsspace@=\muskip17
\c@parentequation=\count267
\dspbrk@lvl=\count268
\tag@help=\toks21
\row@=\count269
\column@=\count270
\maxfields@=\count271
\andhelp@=\toks22
\eqnshift@=\dimen162
\alignsep@=\dimen163
\tagshift@=\dimen164
\tagwidth@=\dimen165
\totwidth@=\dimen166
\lineht@=\dimen167
\@envbody=\toks23
\multlinegap=\skip54
\multlinetaggap=\skip55
\mathdisplay@stack=\toks24
LaTeX Info: Redefining \[ on input line 2859.
LaTeX Info: Redefining \] on input line 2860.
)
(c:/Users/chguiterman/AppData/Roaming/TinyTeX/texmf-dist/tex/generic/iftex/ifxe
tex.sty
Package: ifxetex 2019/10/25 v0.7 ifxetex legacy package. Use iftex instead.

(c:/Users/chguiterman/AppData/Roaming/TinyTeX/texmf-dist/tex/generic/iftex/ifte
x.sty
Package: iftex 2020/03/06 v1.0d TeX engine tests
))
(c:/Users/chguiterman/AppData/Roaming/TinyTeX/texmf-dist/tex/generic/iftex/iflu
atex.sty
Package: ifluatex 2019/10/25 v1.5 ifluatex legacy package. Use iftex instead.
)
(c:/Users/chguiterman/AppData/Roaming/TinyTeX/texmf-dist/tex/latex/base/fixltx2
e.sty
Package: fixltx2e 2016/12/29 v2.1a fixes to LaTeX (obsolete)
Applying: [2015/01/01] Old fixltx2e package on input line 46.

Package fixltx2e Warning: fixltx2e is not required with releases after 2015
(fixltx2e)                All fixes are now in the LaTeX kernel.
(fixltx2e)                See the latexrelease package for details.

Already applied: [0000/00/00] Old fixltx2e package on input line 53.
)
(c:/Users/chguiterman/AppData/Roaming/TinyTeX/texmf-dist/tex/latex/upquote/upqu
ote.sty
Package: upquote 2012/04/19 v1.3 upright-quote and grave-accent glyphs in verba
tim

(c:/Users/chguiterman/AppData/Roaming/TinyTeX/texmf-dist/tex/latex/base/textcom
p.sty
Package: textcomp 2020/02/02 v2.0n Standard LaTeX package
))
(c:/Users/chguiterman/AppData/Roaming/TinyTeX/texmf-dist/tex/latex/base/inputen
c.sty
Package: inputenc 2018/08/11 v1.3c Input encoding file
\inpenc@prehook=\toks25
\inpenc@posthook=\toks26
)
(c:/Users/chguiterman/AppData/Roaming/TinyTeX/texmf-dist/tex/latex/microtype/mi
crotype.sty
Package: microtype 2019/11/18 v2.7d Micro-typographical refinements (RS)
\MT@toks=\toks27
\MT@count=\count272
LaTeX Info: Redefining \textls on input line 790.
\MT@outer@kern=\dimen168
LaTeX Info: Redefining \textmicrotypecontext on input line 1354.
\MT@listname@count=\count273

(c:/Users/chguiterman/AppData/Roaming/TinyTeX/texmf-dist/tex/latex/microtype/mi
crotype-pdftex.def
File: microtype-pdftex.def 2019/11/18 v2.7d Definitions specific to pdftex (RS)

LaTeX Info: Redefining \lsstyle on input line 914.
LaTeX Info: Redefining \lslig on input line 914.
\MT@outer@space=\skip56
)
Package microtype Info: Loading configuration file microtype.cfg.

(c:/Users/chguiterman/AppData/Roaming/TinyTeX/texmf-dist/tex/latex/microtype/mi
crotype.cfg
File: microtype.cfg 2019/11/18 v2.7d microtype main configuration file (RS)
))
(c:/Users/chguiterman/AppData/Roaming/TinyTeX/texmf-dist/tex/latex/graphics/col
or.sty
Package: color 2019/11/23 v1.2a Standard LaTeX Color (DPC)

(c:/Users/chguiterman/AppData/Roaming/TinyTeX/texmf-dist/tex/latex/graphics-cfg
/color.cfg
File: color.cfg 2016/01/02 v1.6 sample color configuration
)
Package color Info: Driver file: pdftex.def on input line 147.
)
(c:/Users/chguiterman/AppData/Roaming/TinyTeX/texmf-dist/tex/latex/fancyvrb/fan
cyvrb.sty
Package: fancyvrb 2020/05/03 v3.6 verbatim text (tvz,hv)
\FV@CodeLineNo=\count274
\FV@InFile=\read2
\FV@TabBox=\box52
\c@FancyVerbLine=\count275
\FV@StepNumber=\count276
\FV@OutFile=\write4
)
(c:/Users/chguiterman/AppData/Roaming/TinyTeX/texmf-dist/tex/latex/framed/frame
d.sty
Package: framed 2011/10/22 v 0.96: framed or shaded text with page breaks
\OuterFrameSep=\skip57
\fb@frw=\dimen169
\fb@frh=\dimen170
\FrameRule=\dimen171
\FrameSep=\dimen172
)
(c:/Users/chguiterman/AppData/Roaming/TinyTeX/texmf-dist/tex/latex/tools/longta
ble.sty
Package: longtable 2020/01/07 v4.13 Multi-page Table package (DPC)
\LTleft=\skip58
\LTright=\skip59
\LTpre=\skip60
\LTpost=\skip61
\LTchunksize=\count277
\LTcapwidth=\dimen173
\LT@head=\box53
\LT@firsthead=\box54
\LT@foot=\box55
\LT@lastfoot=\box56
\LT@cols=\count278
\LT@rows=\count279
\c@LT@tables=\count280
\c@LT@chunks=\count281
\LT@p@ftn=\toks28
)
(c:/Users/chguiterman/AppData/Roaming/TinyTeX/texmf-dist/tex/latex/hyperref/hyp
erref.sty
Package: hyperref 2020-05-15 v7.00e Hypertext links for LaTeX

(c:/Users/chguiterman/AppData/Roaming/TinyTeX/texmf-dist/tex/generic/ltxcmds/lt
xcmds.sty
Package: ltxcmds 2019/12/15 v1.24 LaTeX kernel commands for general use (HO)
)
(c:/Users/chguiterman/AppData/Roaming/TinyTeX/texmf-dist/tex/generic/pdftexcmds
/pdftexcmds.sty
Package: pdftexcmds 2020-06-27 v0.33 Utility functions of pdfTeX for LuaTeX (HO
)

(c:/Users/chguiterman/AppData/Roaming/TinyTeX/texmf-dist/tex/generic/infwarerr/
infwarerr.sty
Package: infwarerr 2019/12/03 v1.5 Providing info/warning/error messages (HO)
)
Package pdftexcmds Info: \pdf@primitive is available.
Package pdftexcmds Info: \pdf@ifprimitive is available.
Package pdftexcmds Info: \pdfdraftmode found.
)
(c:/Users/chguiterman/AppData/Roaming/TinyTeX/texmf-dist/tex/generic/kvsetkeys/
kvsetkeys.sty
Package: kvsetkeys 2019/12/15 v1.18 Key value parser (HO)
)
(c:/Users/chguiterman/AppData/Roaming/TinyTeX/texmf-dist/tex/generic/kvdefineke
ys/kvdefinekeys.sty
Package: kvdefinekeys 2019-12-19 v1.6 Define keys (HO)
)
(c:/Users/chguiterman/AppData/Roaming/TinyTeX/texmf-dist/tex/generic/pdfescape/
pdfescape.sty
Package: pdfescape 2019/12/09 v1.15 Implements pdfTeX's escape features (HO)
)
(c:/Users/chguiterman/AppData/Roaming/TinyTeX/texmf-dist/tex/latex/hycolor/hyco
lor.sty
Package: hycolor 2020-01-27 v1.10 Color options for hyperref/bookmark (HO)
)
(c:/Users/chguiterman/AppData/Roaming/TinyTeX/texmf-dist/tex/latex/letltxmacro/
letltxmacro.sty
Package: letltxmacro 2019/12/03 v1.6 Let assignment for LaTeX macros (HO)
)
(c:/Users/chguiterman/AppData/Roaming/TinyTeX/texmf-dist/tex/latex/auxhook/auxh
ook.sty
Package: auxhook 2019-12-17 v1.6 Hooks for auxiliary files (HO)
)
(c:/Users/chguiterman/AppData/Roaming/TinyTeX/texmf-dist/tex/latex/kvoptions/kv
options.sty
Package: kvoptions 2019/11/29 v3.13 Key value format for package options (HO)
)
\@linkdim=\dimen174
\Hy@linkcounter=\count282
\Hy@pagecounter=\count283

(c:/Users/chguiterman/AppData/Roaming/TinyTeX/texmf-dist/tex/latex/hyperref/pd1
enc.def
File: pd1enc.def 2020-05-15 v7.00e Hyperref: PDFDocEncoding definition (HO)
Now handling font encoding PD1 ...
... no UTF-8 mapping file for font encoding PD1
)
(c:/Users/chguiterman/AppData/Roaming/TinyTeX/texmf-dist/tex/generic/intcalc/in
tcalc.sty
Package: intcalc 2019/12/15 v1.3 Expandable calculations with integers (HO)
)
(c:/Users/chguiterman/AppData/Roaming/TinyTeX/texmf-dist/tex/generic/etexcmds/e
texcmds.sty
Package: etexcmds 2019/12/15 v1.7 Avoid name clashes with e-TeX commands (HO)
)
\Hy@SavedSpaceFactor=\count284
Package hyperref Info: Option `unicode' set `true' on input line 4338.

(c:/Users/chguiterman/AppData/Roaming/TinyTeX/texmf-dist/tex/latex/hyperref/pue
nc.def
File: puenc.def 2020-05-15 v7.00e Hyperref: PDF Unicode definition (HO)
Now handling font encoding PU ...
... no UTF-8 mapping file for font encoding PU
)
Package hyperref Info: Hyper figures OFF on input line 4464.
Package hyperref Info: Link nesting OFF on input line 4469.
Package hyperref Info: Hyper index ON on input line 4472.
Package hyperref Info: Plain pages OFF on input line 4479.
Package hyperref Info: Backreferencing OFF on input line 4484.
Package hyperref Info: Implicit mode ON; LaTeX internals redefined.
Package hyperref Info: Bookmarks ON on input line 4717.
\c@Hy@tempcnt=\count285
LaTeX Info: Redefining \url on input line 5076.
\XeTeXLinkMargin=\dimen175

(c:/Users/chguiterman/AppData/Roaming/TinyTeX/texmf-dist/tex/generic/bitset/bit
set.sty
Package: bitset 2019/12/09 v1.3 Handle bit-vector datatype (HO)

(c:/Users/chguiterman/AppData/Roaming/TinyTeX/texmf-dist/tex/generic/bigintcalc
/bigintcalc.sty
Package: bigintcalc 2019/12/15 v1.5 Expandable calculations on big integers (HO
)
))
\Fld@menulength=\count286
\Field@Width=\dimen176
\Fld@charsize=\dimen177
Package hyperref Info: Hyper figures OFF on input line 6347.
Package hyperref Info: Link nesting OFF on input line 6352.
Package hyperref Info: Hyper index ON on input line 6355.
Package hyperref Info: backreferencing OFF on input line 6362.
Package hyperref Info: Link coloring OFF on input line 6367.
Package hyperref Info: Link coloring with OCG OFF on input line 6372.
Package hyperref Info: PDF/A mode OFF on input line 6377.
LaTeX Info: Redefining \ref on input line 6417.
LaTeX Info: Redefining \pageref on input line 6421.

(c:/Users/chguiterman/AppData/Roaming/TinyTeX/texmf-dist/tex/generic/atbegshi/a
tbegshi.sty
Package: atbegshi 2019/12/05 v1.19 At begin shipout hook (HO)
)
\Hy@abspage=\count287
\c@Item=\count288
\c@Hfootnote=\count289
)
Package hyperref Info: Driver (autodetected): hpdftex.

(c:/Users/chguiterman/AppData/Roaming/TinyTeX/texmf-dist/tex/latex/hyperref/hpd
ftex.def
File: hpdftex.def 2020-05-15 v7.00e Hyperref driver for pdfTeX

(c:/Users/chguiterman/AppData/Roaming/TinyTeX/texmf-dist/tex/latex/atveryend/at
veryend.sty
Package: atveryend 2019-12-11 v1.11 Hooks at the very end of document (HO)
Package atveryend Info: \enddocument detected (standard20110627).
)
\Fld@listcount=\count290
\c@bookmark@seq@number=\count291

(c:/Users/chguiterman/AppData/Roaming/TinyTeX/texmf-dist/tex/latex/rerunfileche
ck/rerunfilecheck.sty
Package: rerunfilecheck 2019/12/05 v1.9 Rerun checks for auxiliary files (HO)

(c:/Users/chguiterman/AppData/Roaming/TinyTeX/texmf-dist/tex/generic/uniquecoun
ter/uniquecounter.sty
Package: uniquecounter 2019/12/15 v1.4 Provide unlimited unique counter (HO)
)
Package uniquecounter Info: New unique counter `rerunfilecheck' on input line 2
86.
)
\Hy@SectionHShift=\skip62
)
Package hyperref Info: Option `breaklinks' set `true' on input line 101.

Package hyperref Warning: Option `bookmarks' has already been used,
(hyperref)                setting the option has no effect on input line 101.

Package hyperref Info: Option `colorlinks' set `false' on input line 101.

(c:/Users/chguiterman/AppData/Roaming/TinyTeX/texmf-dist/tex/latex/tools/array.
sty
Package: array 2019/08/31 v2.4l Tabular extension package (FMi)
\col@sep=\dimen178
\ar@mcellbox=\box57
\extrarowheight=\dimen179
\NC@list=\toks29
\extratabsurround=\skip63
\backup@length=\skip64
\ar@cellbox=\box58
)
(c:/Users/chguiterman/AppData/Roaming/TinyTeX/texmf-dist/tex/latex/multirow/mul
tirow.sty
Package: multirow 2019/05/31 v2.5 Span multiple rows of a table
\multirow@colwidth=\skip65
\multirow@cntb=\count292
\multirow@dima=\skip66
\bigstrutjot=\dimen180
)
(c:/Users/chguiterman/AppData/Roaming/TinyTeX/texmf-dist/tex/latex/wrapfig/wrap
fig.sty
\wrapoverhang=\dimen181
\WF@size=\dimen182
\c@WF@wrappedlines=\count293
\WF@box=\box59
\WF@everypar=\toks30
Package: wrapfig 2003/01/31  v 3.6
)
(c:/Users/chguiterman/AppData/Roaming/TinyTeX/texmf-dist/tex/latex/float/float.
sty
Package: float 2001/11/08 v1.3d Float enhancements (AL)
\c@float@type=\count294
\float@exts=\toks31
\float@box=\box60
\@float@everytoks=\toks32
\@floatcapt=\box61
)
(c:/Users/chguiterman/AppData/Roaming/TinyTeX/texmf-dist/tex/latex/colortbl/col
ortbl.sty
Package: colortbl 2020/01/04 v1.0e Color table columns (DPC)
\everycr=\toks33
\minrowclearance=\skip67
)
(c:/Users/chguiterman/AppData/Roaming/TinyTeX/texmf-dist/tex/latex/pdflscape/pd
flscape.sty
Package: pdflscape 2019/12/05 v0.12 Display of landscape pages in PDF (HO)

(c:/Users/chguiterman/AppData/Roaming/TinyTeX/texmf-dist/tex/latex/graphics/lsc
ape.sty
Package: lscape 2000/10/22 v3.01 Landscape Pages (DPC)
)
Package pdflscape Info: Auto-detected driver: pdftex on input line 81.
)
(c:/Users/chguiterman/AppData/Roaming/TinyTeX/texmf-dist/tex/latex/tabu/tabu.st
y
Package: tabu 2019/01/11 v2.9 - flexible LaTeX tabulars (FC+tabu-fixed)

(c:/Users/chguiterman/AppData/Roaming/TinyTeX/texmf-dist/tex/latex/varwidth/var
width.sty
Package: varwidth 2009/03/30 ver 0.92;  Variable-width minipages
\@vwid@box=\box62
\sift@deathcycles=\count295
\@vwid@loff=\dimen183
\@vwid@roff=\dimen184
)
\c@taburow=\count296
\tabu@nbcols=\count297
\tabu@cnt=\count298
\tabu@Xcol=\count299
\tabu@alloc=\count300
\tabu@nested=\count301
\tabu@target=\dimen185
\tabu@spreadtarget=\dimen186
\tabu@naturalX=\dimen187
\tabucolX=\dimen188
\tabu@Xsum=\dimen189
\extrarowdepth=\dimen190
\abovetabulinesep=\dimen191
\belowtabulinesep=\dimen192
\tabustrutrule=\dimen193
\tabu@thebody=\toks34
\tabu@footnotes=\toks35
\tabu@box=\box63
\tabu@arstrutbox=\box64
\tabu@hleads=\box65
\tabu@vleads=\box66
\tabu@cellskip=\skip68
)
(c:/Users/chguiterman/AppData/Roaming/TinyTeX/texmf-dist/tex/latex/threeparttab
le/threeparttable.sty
Package: threeparttable 2003/06/13  v 3.0
\@tempboxb=\box67
)
(c:/Users/chguiterman/AppData/Roaming/TinyTeX/texmf-dist/tex/latex/threeparttab
lex/threeparttablex.sty
Package: threeparttablex 2013/07/23 v0.3 by daleif

(c:/Users/chguiterman/AppData/Roaming/TinyTeX/texmf-dist/tex/latex/environ/envi
ron.sty
Package: environ 2014/05/04 v0.3 A new way to define environments

(c:/Users/chguiterman/AppData/Roaming/TinyTeX/texmf-dist/tex/latex/trimspaces/t
rimspaces.sty
Package: trimspaces 2009/09/17 v1.1 Trim spaces around a token list
))
\TPTL@width=\skip69
)
(c:/Users/chguiterman/AppData/Roaming/TinyTeX/texmf-dist/tex/generic/ulem/ulem.
sty
\UL@box=\box68
\UL@hyphenbox=\box69
\UL@skip=\skip70
\UL@hook=\toks36
\UL@height=\dimen194
\UL@pe=\count302
\UL@pixel=\dimen195
\ULC@box=\box70
Package: ulem 2019/11/18
\ULdepth=\dimen196
)
(c:/Users/chguiterman/AppData/Roaming/TinyTeX/texmf-dist/tex/latex/makecell/mak
ecell.sty
Package: makecell 2009/08/03 V0.1e Managing of Tab Column Heads and Cells
\rotheadsize=\dimen197
\c@nlinenum=\count303
\TeXr@lab=\toks37
)
(c:/Users/chguiterman/AppData/Roaming/TinyTeX/texmf-dist/tex/latex/xcolor/xcolo
r.sty
Package: xcolor 2016/05/11 v2.12 LaTeX color extensions (UK)

(c:/Users/chguiterman/AppData/Roaming/TinyTeX/texmf-dist/tex/latex/graphics-cfg
/color.cfg
File: color.cfg 2016/01/02 v1.6 sample color configuration
)
Package xcolor Info: Driver file: pdftex.def on input line 225.
LaTeX Info: Redefining \color on input line 709.
Package xcolor Info: Model `cmy' substituted by `cmy0' on input line 1348.
Package xcolor Info: Model `hsb' substituted by `rgb' on input line 1352.
Package xcolor Info: Model `RGB' extended on input line 1364.
Package xcolor Info: Model `HTML' substituted by `rgb' on input line 1366.
Package xcolor Info: Model `Hsb' substituted by `hsb' on input line 1367.
Package xcolor Info: Model `tHsb' substituted by `hsb' on input line 1368.
Package xcolor Info: Model `HSB' substituted by `hsb' on input line 1369.
Package xcolor Info: Model `Gray' substituted by `gray' on input line 1370.
Package xcolor Info: Model `wave' substituted by `hsb' on input line 1371.
)
(c:/Users/chguiterman/AppData/Roaming/TinyTeX/texmf-dist/tex/latex/l3backend/l3
backend-pdfmode.def
File: l3backend-pdfmode.def 2020-08-07 L3 backend support: PDF mode
\l__kernel_color_stack_int=\count304
\l__pdf_internal_box=\box71
) (./dfoliatR_ms.aux)
\openout1 = `dfoliatR_ms.aux'.

LaTeX Font Info:    Checking defaults for OML/cmm/m/it on input line 136.
LaTeX Font Info:    ... okay on input line 136.
LaTeX Font Info:    Checking defaults for OMS/cmsy/m/n on input line 136.
LaTeX Font Info:    ... okay on input line 136.
LaTeX Font Info:    Checking defaults for OT1/cmr/m/n on input line 136.
LaTeX Font Info:    ... okay on input line 136.
LaTeX Font Info:    Checking defaults for T1/cmr/m/n on input line 136.
LaTeX Font Info:    ... okay on input line 136.
LaTeX Font Info:    Checking defaults for TS1/cmr/m/n on input line 136.
LaTeX Font Info:    ... okay on input line 136.
LaTeX Font Info:    Checking defaults for OMX/cmex/m/n on input line 136.
LaTeX Font Info:    ... okay on input line 136.
LaTeX Font Info:    Checking defaults for U/cmr/m/n on input line 136.
LaTeX Font Info:    ... okay on input line 136.
LaTeX Font Info:    Checking defaults for PD1/pdf/m/n on input line 136.
LaTeX Font Info:    ... okay on input line 136.
LaTeX Font Info:    Checking defaults for PU/pdf/m/n on input line 136.
LaTeX Font Info:    ... okay on input line 136.
LaTeX Font Info:    Trying to load font information for T1+lmr on input line 13
6.
(c:/Users/chguiterman/AppData/Roaming/TinyTeX/texmf-dist/tex/latex/lm/t1lmr.fd
File: t1lmr.fd 2009/10/30 v1.6 Font defs for Latin Modern
)
(c:/Users/chguiterman/AppData/Roaming/TinyTeX/texmf-dist/tex/latex/epstopdf-pkg
/epstopdf-base.sty
Package: epstopdf-base 2020-01-24 v2.11 Base part for package epstopdf
Package epstopdf-base Info: Redefining graphics rule for `.eps' on input line 4
85.

(c:/Users/chguiterman/AppData/Roaming/TinyTeX/texmf-dist/tex/latex/latexconfig/
epstopdf-sys.cfg
File: epstopdf-sys.cfg 2010/07/13 v1.3 Configuration of (r)epstopdf for TeX Liv
e
))
LaTeX Info: Redefining \microtypecontext on input line 136.
Package microtype Info: Generating PDF output.
Package microtype Info: Character protrusion enabled (level 2).
Package microtype Info: Using default protrusion set `alltext'.
Package microtype Info: Automatic font expansion enabled (level 2),
(microtype)             stretch: 20, shrink: 20, step: 1, non-selected.
Package microtype Info: Using default expansion set `basictext'.
LaTeX Info: Redefining \showhyphens on input line 136.
Package microtype Info: No adjustment of tracking.
Package microtype Info: No adjustment of interword spacing.
Package microtype Info: No adjustment of character kerning.

(c:/Users/chguiterman/AppData/Roaming/TinyTeX/texmf-dist/tex/latex/microtype/mt
-cmr.cfg
File: mt-cmr.cfg 2013/05/19 v2.2 microtype config. file: Computer Modern Roman 
(RS)
)
\AtBeginShipoutBox=\box72
Package hyperref Info: Link coloring OFF on input line 136.

(c:/Users/chguiterman/AppData/Roaming/TinyTeX/texmf-dist/tex/latex/hyperref/nam
eref.sty
Package: nameref 2019/09/16 v2.46 Cross-referencing by name of section

(c:/Users/chguiterman/AppData/Roaming/TinyTeX/texmf-dist/tex/latex/refcount/ref
count.sty
Package: refcount 2019/12/15 v3.6 Data extraction from label references (HO)
)
(c:/Users/chguiterman/AppData/Roaming/TinyTeX/texmf-dist/tex/generic/gettitlest
ring/gettitlestring.sty
Package: gettitlestring 2019/12/15 v1.6 Cleanup title references (HO)
)
\c@section@level=\count305
)
LaTeX Info: Redefining \ref on input line 136.
LaTeX Info: Redefining \pageref on input line 136.
LaTeX Info: Redefining \nameref on input line 136.
(./dfoliatR_ms.out) (./dfoliatR_ms.out)
\@outlinefile=\write5
\openout5 = `dfoliatR_ms.out'.

LaTeX Font Info:    Trying to load font information for T1+lmtt on input line 1
53.

(c:/Users/chguiterman/AppData/Roaming/TinyTeX/texmf-dist/tex/latex/lm/t1lmtt.fd
File: t1lmtt.fd 2009/10/30 v1.6 Font defs for Latin Modern
)
Package microtype Info: Loading generic protrusion settings for font family
(microtype)             `lmtt' (encoding: T1).
(microtype)             For optimal results, create family-specific settings.
(microtype)             See the microtype manual for details.
LaTeX Font Info:    Trying to load font information for OT1+lmr on input line 1
56.

(c:/Users/chguiterman/AppData/Roaming/TinyTeX/texmf-dist/tex/latex/lm/ot1lmr.fd
File: ot1lmr.fd 2009/10/30 v1.6 Font defs for Latin Modern
)
LaTeX Font Info:    Trying to load font information for OML+lmm on input line 1
56.

(c:/Users/chguiterman/AppData/Roaming/TinyTeX/texmf-dist/tex/latex/lm/omllmm.fd
File: omllmm.fd 2009/10/30 v1.6 Font defs for Latin Modern
)
LaTeX Font Info:    Trying to load font information for OMS+lmsy on input line 
156.

(c:/Users/chguiterman/AppData/Roaming/TinyTeX/texmf-dist/tex/latex/lm/omslmsy.f
d
File: omslmsy.fd 2009/10/30 v1.6 Font defs for Latin Modern
)
LaTeX Font Info:    Trying to load font information for OMX+lmex on input line 
156.

(c:/Users/chguiterman/AppData/Roaming/TinyTeX/texmf-dist/tex/latex/lm/omxlmex.f
d
File: omxlmex.fd 2009/10/30 v1.6 Font defs for Latin Modern
)
LaTeX Font Info:    External font `lmex10' loaded for size
(Font)              <8> on input line 156.
LaTeX Font Info:    External font `lmex10' loaded for size
(Font)              <6> on input line 156.
LaTeX Font Info:    External font `lmex10' loaded for size
(Font)              <5> on input line 156.
LaTeX Font Info:    Trying to load font information for U+msa on input line 156
.

(c:/Users/chguiterman/AppData/Roaming/TinyTeX/texmf-dist/tex/latex/amsfonts/ums
a.fd
File: umsa.fd 2013/01/14 v3.01 AMS symbols A
)
(c:/Users/chguiterman/AppData/Roaming/TinyTeX/texmf-dist/tex/latex/microtype/mt
-msa.cfg
File: mt-msa.cfg 2006/02/04 v1.1 microtype config. file: AMS symbols (a) (RS)
)
LaTeX Font Info:    Trying to load font information for U+msb on input line 156
.

(c:/Users/chguiterman/AppData/Roaming/TinyTeX/texmf-dist/tex/latex/amsfonts/ums
b.fd
File: umsb.fd 2013/01/14 v3.01 AMS symbols B
)
(c:/Users/chguiterman/AppData/Roaming/TinyTeX/texmf-dist/tex/latex/microtype/mt
-msb.cfg
File: mt-msb.cfg 2005/06/01 v1.0 microtype config. file: AMS symbols (b) (RS)
)
LaTeX Font Info:    Trying to load font information for T1+lmss on input line 1
56.

(c:/Users/chguiterman/AppData/Roaming/TinyTeX/texmf-dist/tex/latex/lm/t1lmss.fd
File: t1lmss.fd 2009/10/30 v1.6 Font defs for Latin Modern
)
Package microtype Info: Loading generic protrusion settings for font family
(microtype)             `lmss' (encoding: T1).
(microtype)             For optimal results, create family-specific settings.
(microtype)             See the microtype manual for details.
LaTeX Font Info:    External font `lmex10' loaded for size
(Font)              <10> on input line 156.
LaTeX Font Info:    External font `lmex10' loaded for size
(Font)              <7> on input line 156.

Overfull \vbox (46.02922pt too high) has occurred while \output is active []

[1


{c:/Users/chguiterman/AppData/Roaming/TinyTeX/texmf-var/fonts/map/pdftex/updmap
/pdftex.map}] [2] [3]
LaTeX Font Info:    Trying to load font information for TS1+lmr on input line 1
83.

(c:/Users/chguiterman/AppData/Roaming/TinyTeX/texmf-dist/tex/latex/lm/ts1lmr.fd
File: ts1lmr.fd 2009/10/30 v1.6 Font defs for Latin Modern
) [4]
<D:/Dropbox/dfoliatR_paper/Output/tree-plot-default.pdf, id=108, 415.5525pt x 4
17.56pt>
File: D:/Dropbox/dfoliatR_paper/Output/tree-plot-default.pdf Graphic file (type
 pdf)
<use D:/Dropbox/dfoliatR_paper/Output/tree-plot-default.pdf>
Package pdftex.def Info: D:/Dropbox/dfoliatR_paper/Output/tree-plot-default.pdf
  used on input line 196.
(pdftex.def)             Requested size: 345.0pt x 346.68301pt.
<D:/Dropbox/dfoliatR_paper/Output/site-plot.pdf, id=109, 415.5525pt x 417.56pt>

File: D:/Dropbox/dfoliatR_paper/Output/site-plot.pdf Graphic file (type pdf)
<use D:/Dropbox/dfoliatR_paper/Output/site-plot.pdf>
Package pdftex.def Info: D:/Dropbox/dfoliatR_paper/Output/site-plot.pdf  used o
n input line 204.
(pdftex.def)             Requested size: 345.0pt x 346.68301pt.
[5] [6pdfTeX warning (ext4): destination with the same identifier (name{figure.
1}) has been already used, duplicate ignored

\AtBegShi@Output ...ipout \box \AtBeginShipoutBox 
                                                  \fi \fi 
l.218 
       <d:/Dropbox/dfoliatR_paper/Output/tree-plot-default.pdf>] [7pdfTeX warni
ng (ext4): destination with the same identifier (name{figure.2}) has been alrea
dy used, duplicate ignored

\AtBegShi@Output ...ipout \box \AtBeginShipoutBox 
                                                  \fi \fi 
l.218 
       <d:/Dropbox/dfoliatR_paper/Output/site-plot.pdf>] [8]
<D:/Dropbox/dfoliatR_paper/Output/bridging_color.pdf, id=150, 415.5525pt x 417.
56pt>
File: D:/Dropbox/dfoliatR_paper/Output/bridging_color.pdf Graphic file (type pd
f)
<use D:/Dropbox/dfoliatR_paper/Output/bridging_color.pdf>
Package pdftex.def Info: D:/Dropbox/dfoliatR_paper/Output/bridging_color.pdf  u
sed on input line 229.
(pdftex.def)             Requested size: 345.0pt x 346.68301pt.
[9] [10pdfTeX warning (ext4): destination with the same identifier (name{figure
.3}) has been already used, duplicate ignored

\AtBegShi@Output ...ipout \box \AtBeginShipoutBox 
                                                  \fi \fi 
l.234 ...Events}\label{inferring-outbreak-events}}
                                                   <d:/Dropbox/dfoliatR_paper/O
utput/bridging_color.pdf>] [11] [12] [13]
<D:/Dropbox/dfoliatR_paper/Output/plot-sites-df-obr.pdf, id=189, 415.5525pt x 4
17.56pt>
File: D:/Dropbox/dfoliatR_paper/Output/plot-sites-df-obr.pdf Graphic file (type
 pdf)
<use D:/Dropbox/dfoliatR_paper/Output/plot-sites-df-obr.pdf>
Package pdftex.def Info: D:/Dropbox/dfoliatR_paper/Output/plot-sites-df-obr.pdf
  used on input line 273.
(pdftex.def)             Requested size: 345.0pt x 346.68301pt.

Package xcolor Warning: Incompatible color definition on input line 284.

LaTeX Font Info:    Font shape `T1/lmtt/bx/n' in size <10> not available
(Font)              Font shape `T1/lmtt/b/n' tried instead on input line 286.

Package xcolor Warning: Incompatible color definition on input line 288.


Package xcolor Warning: Incompatible color definition on input line 288.


Package xcolor Warning: Incompatible color definition on input line 292.


Package xcolor Warning: Incompatible color definition on input line 296.


Package xcolor Warning: Incompatible color definition on input line 296.


Package xcolor Warning: Incompatible color definition on input line 300.


Package xcolor Warning: Incompatible color definition on input line 304.


Package xcolor Warning: Incompatible color definition on input line 304.

[14] [15pdfTeX warning (ext4): destination with the same identifier (name{figur
e.4}) has been already used, duplicate ignored

\AtBegShi@Output ...ipout \box \AtBeginShipoutBox 
                                                  \fi \fi 
l.307 
       <d:/Dropbox/dfoliatR_paper/Output/plot-sites-df-obr.pdf>] [16]

Package xcolor Warning: Incompatible color definition on input line 322.


Package xcolor Warning: Incompatible color definition on input line 342.


Package xcolor Warning: Incompatible color definition on input line 342.

[17]

Package xcolor Warning: Incompatible color definition on input line 350.


Package xcolor Warning: Incompatible color definition on input line 355.


Package xcolor Warning: Incompatible color definition on input line 355.


LaTeX Warning: `!h' float specifier changed to `!ht'.


Package xcolor Warning: Incompatible color definition on input line 393.

LaTeX Font Info:    Trying to load font information for TS1+lmtt on input line 
401.

(c:/Users/chguiterman/AppData/Roaming/TinyTeX/texmf-dist/tex/latex/lm/ts1lmtt.f
d
File: ts1lmtt.fd 2009/10/30 v1.6 Font defs for Latin Modern
)
Package microtype Info: Loading generic protrusion settings for font family
(microtype)             `lmtt' (encoding: TS1).
(microtype)             For optimal results, create family-specific settings.
(microtype)             See the microtype manual for details.
Package microtype Info: Character `texttrademark ' is missing
(microtype)             in font `TS1/lmtt/m/it/10'.
(microtype)             Ignoring protrusion settings for this character.

Package xcolor Warning: Incompatible color definition on input line 410.


Package xcolor Warning: Incompatible color definition on input line 410.


Package xcolor Warning: Incompatible color definition on input line 410.

[18]

Package xcolor Warning: Incompatible color definition on input line 410.


Package xcolor Warning: Incompatible color definition on input line 410.


Underfull \vbox (badness 10000) detected at line 410
 []


Underfull \vbox (badness 10000) detected at line 410
 []


Package xcolor Warning: Incompatible color definition on input line 410.

[19pdfTeX warning (ext4): destination with the same identifier (name{table.1}) 
has been already used, duplicate ignored

\AtBegShi@Output ...ipout \box \AtBeginShipoutBox 
                                                  \fi \fi 
l.410 \end{Shaded}
                  ]

Package xcolor Warning: Incompatible color definition on input line 410.


Package xcolor Warning: Incompatible color definition on input line 410.


Package xcolor Warning: Incompatible color definition on input line 419.


Package xcolor Warning: Incompatible color definition on input line 427.


Package xcolor Warning: Incompatible color definition on input line 427.

[20]
Overfull \hbox (39.11162pt too wide) in paragraph at lines 431--432
[]\T1/lmr/m/n/10 (-20) The de-fault plot-ting func-tion to vi-su-al-ize re-sult
s from \T1/lmtt/m/n/10 outbreak() \T1/lmr/m/n/10 (-20) is \T1/lmtt/m/n/10 plot_
outbreak()\T1/lmr/m/n/10 (-20) .
 []


Package xcolor Warning: Incompatible color definition on input line 433.


Package xcolor Warning: Incompatible color definition on input line 437.


Package xcolor Warning: Incompatible color definition on input line 437.


Overfull \hbox (38.50984pt too wide) in paragraph at lines 441--442
[]\T1/lmr/m/n/10 (-20) A sum-mary ta-ble of the in-ferred out-break events is g
en-er-ated by the \T1/lmtt/m/n/10 outbreak_stats()
 []


Package xcolor Warning: Incompatible color definition on input line 443.


Package xcolor Warning: Incompatible color definition on input line 448.


Package xcolor Warning: Incompatible color definition on input line 448.

[21] [22pdfTeX warning (ext4): destination with the same identifier (name{table
.2}) has been already used, duplicate ignored

\AtBegShi@Output ...ipout \box \AtBeginShipoutBox 
                                                  \fi \fi 
l.472 \end{landscape}
                     ]

Package xcolor Warning: Incompatible color definition on input line 476.


Package xcolor Warning: Incompatible color definition on input line 483.


Package xcolor Warning: Incompatible color definition on input line 483.

[23


] [24] [25]
Overfull \hbox (25.43153pt too wide) in paragraph at lines 519--521
\T1/lmr/m/n/10 (-20) Canada. For-est Ecol-ogy and Man-age-ment 335, 235--48, do
i:[]10.1016/j.foreco.2014.10.002[]. 
 []


Overfull \hbox (10.67532pt too wide) in paragraph at lines 525--527
\T1/lmr/m/n/10 (-20) Ra-dio-car-bon Cam-bridge Uni-ver-sity Press 56, S79--S83,
 doi:[]10.2458/azu_rc.56.18320[]. 
 []


Overfull \hbox (42.73248pt too wide) in paragraph at lines 528--530
\T1/lmr/m/n/10 (-20) tem for den-drochronol-ogy. Den-drochronolo-gia 38, 131--3
5, doi:[]10.1016/j.dendro.2016.04.005[]. 
 []

[26]
Overfull \hbox (18.76321pt too wide) in paragraph at lines 555--557
\T1/lmr/m/n/10 (-20) able at https://www.ncdc.noaa.gov/data-access/paleoclimato
logy-data/datasets/tree-
 []


Overfull \hbox (67.10498pt too wide) in paragraph at lines 573--575
\T1/lmr/m/n/10 (-20) In-sect out-breaks re-vis-ited. Black-well Pub-lish-ing Lt
d, pp. 126--54, doi:[]10.1002/9781118295205.ch7[]. 
 []


Overfull \hbox (32.5201pt too wide) in paragraph at lines 576--578
\T1/lmr/m/n/10 (-20) anal-y-sis and graph-ics in R. Den-drochronolo-gia 49, 9--
15, doi:[]10.1016/j.dendro.2018.02.005[]. 
 []


Overfull \hbox (42.32771pt too wide) in paragraph at lines 582--584
\T1/lmr/m/n/10 (-20) us-ing R (pack-age \T1/lmtt/m/n/10 CAVIAR\T1/lmr/m/n/10 (-
20) ). Den-drochronolo-gia 29, 139--49, doi:[]10.1016/j.dendro.2011.01.004[]. 
 []

[27]
Overfull \hbox (44.49211pt too wide) in paragraph at lines 597--599
\T1/lmr/m/n/10 (-20) age pro-cess-ing tech-niques. Den-drochronolo-gia 58, 1256
44, doi:[]10.1016/j.dendro.2019.125644[]. 
 []

[28]
Overfull \hbox (2.24956pt too wide) in paragraph at lines 630--632
\T1/lmr/m/n/10 (-20) tion of proxy-climate re-la-tion-ships. Ecog-ra-phy 38, 43
1--36, doi:[]10.1111/ecog.01335[]. 
 []

Package atveryend Info: Empty hook `BeforeClearDocument' on input line 634.
[29]
Package atveryend Info: Empty hook `AfterLastShipout' on input line 634.
(./dfoliatR_ms.aux)
Package atveryend Info: Executing hook `AtVeryEndDocument' on input line 634.
Package atveryend Info: Executing hook `AtEndAfterFileList' on input line 634.
Package rerunfilecheck Info: File `dfoliatR_ms.out' has not changed.
(rerunfilecheck)             Checksum: C88DB8B6D522F0EA8266AA6ADCA28B09;1950.
Package atveryend Info: Empty hook `AtVeryVeryEnd' on input line 634.
 ) 
Here is how much of TeX's memory you used:
 14668 strings out of 482816
 219341 string characters out of 5953312
 510352 words of memory out of 5000000
 29459 multiletter control sequences out of 15000+600000
 602643 words of font info for 151 fonts, out of 8000000 for 9000
 14 hyphenation exceptions out of 8191
 44i,12n,42p,2284b,509s stack positions out of 5000i,500n,10000p,200000b,80000s
{c:/Users/chguiterman/AppData/Roaming/TinyTeX/texmf-dist/fonts/enc/dvips/lm/l
m-ts1.enc}{c:/Users/chguiterman/AppData/Roaming/TinyTeX/texmf-dist/fonts/enc/dv
ips/lm/lm-ec.enc}{c:/Users/chguiterman/AppData/Roaming/TinyTeX/texmf-dist/fonts
/enc/dvips/lm/lm-mathit.enc}{c:/Users/chguiterman/AppData/Roaming/TinyTeX/texmf
-dist/fonts/enc/dvips/lm/lm-mathex.enc}{c:/Users/chguiterman/AppData/Roaming/Ti
nyTeX/texmf-dist/fonts/enc/dvips/lm/lm-mathsy.enc}{c:/Users/chguiterman/AppData
/Roaming/TinyTeX/texmf-dist/fonts/enc/dvips/lm/lm-rm.enc}<c:/Users/chguiterman/
AppData/Roaming/TinyTeX/texmf-dist/fonts/type1/public/lm/lmbx10.pfb><c:/Users/c
hguiterman/AppData/Roaming/TinyTeX/texmf-dist/fonts/type1/public/lm/lmex10.pfb>
<c:/Users/chguiterman/AppData/Roaming/TinyTeX/texmf-dist/fonts/type1/public/lm/
lmmi10.pfb><c:/Users/chguiterman/AppData/Roaming/TinyTeX/texmf-dist/fonts/type1
/public/lm/lmmi7.pfb><c:/Users/chguiterman/AppData/Roaming/TinyTeX/texmf-dist/f
onts/type1/public/lm/lmr10.pfb><c:/Users/chguiterman/AppData/Roaming/TinyTeX/te
xmf-dist/fonts/type1/public/lm/lmr12.pfb><c:/Users/chguiterman/AppData/Roaming/
TinyTeX/texmf-dist/fonts/type1/public/lm/lmr5.pfb><c:/Users/chguiterman/AppData
/Roaming/TinyTeX/texmf-dist/fonts/type1/public/lm/lmr7.pfb><c:/Users/chguiterma
n/AppData/Roaming/TinyTeX/texmf-dist/fonts/type1/public/lm/lmr8.pfb><c:/Users/c
hguiterman/AppData/Roaming/TinyTeX/texmf-dist/fonts/type1/public/lm/lmri10.pfb>
<c:/Users/chguiterman/AppData/Roaming/TinyTeX/texmf-dist/fonts/type1/public/lm/
lmri7.pfb><c:/Users/chguiterman/AppData/Roaming/TinyTeX/texmf-dist/fonts/type1/
public/lm/lmri8.pfb><c:/Users/chguiterman/AppData/Roaming/TinyTeX/texmf-dist/fo
nts/type1/public/lm/lmss8.pfb><c:/Users/chguiterman/AppData/Roaming/TinyTeX/tex
mf-dist/fonts/type1/public/lm/lmsy10.pfb><c:/Users/chguiterman/AppData/Roaming/
TinyTeX/texmf-dist/fonts/type1/public/lm/lmsy6.pfb><c:/Users/chguiterman/AppDat
a/Roaming/TinyTeX/texmf-dist/fonts/type1/public/lm/lmsy7.pfb><c:/Users/chguiter
man/AppData/Roaming/TinyTeX/texmf-dist/fonts/type1/public/lm/lmtk10.pfb><c:/Use
rs/chguiterman/AppData/Roaming/TinyTeX/texmf-dist/fonts/type1/public/lm/lmtt10.
pfb><c:/Users/chguiterman/AppData/Roaming/TinyTeX/texmf-dist/fonts/type1/public
/lm/lmtt12.pfb><c:/Users/chguiterman/AppData/Roaming/TinyTeX/texmf-dist/fonts/t
ype1/public/lm/lmtt8.pfb><c:/Users/chguiterman/AppData/Roaming/TinyTeX/texmf-di
st/fonts/type1/public/lm/lmtti10.pfb>
Output written on dfoliatR_ms.pdf (29 pages, 483937 bytes).
PDF statistics:
 463 PDF objects out of 1000 (max. 8388607)
 398 compressed objects within 4 object streams
 113 named destinations out of 1000 (max. 500000)
 21125 words of extra memory for PDF output out of 24883 (max. 10000000)

