This is pdfTeX, Version 3.14159265-2.6-1.40.20 (TeX Live 2019/W32TeX) (preloaded format=pdflatex 2020.3.26)  21 MAY 2020 11:18
entering extended mode
 restricted \write18 enabled.
 %&-line parsing enabled.
**paper_elsevier.tex
(./paper_elsevier.tex
LaTeX2e <2020-02-02> patch level 5
L3 programming layer <2020-02-25> (./elsarticle.cls
Document Class: elsarticle 2008/05/22, 1.0.1: Elsevier Science
\@bls=\dimen134

(c:/Users/chguiterman/AppData/Roaming/TinyTeX/texmf-dist/tex/latex/base/article
.cls
Document Class: article 2019/12/20 v1.4l Standard LaTeX document class

(c:/Users/chguiterman/AppData/Roaming/TinyTeX/texmf-dist/tex/latex/base/size10.
clo
File: size10.clo 2019/12/20 v1.4l Standard LaTeX file (size option)
)
\c@part=\count167
\c@section=\count168
\c@subsection=\count169
\c@subsubsection=\count170
\c@paragraph=\count171
\c@subparagraph=\count172
\c@figure=\count173
\c@table=\count174
\abovecaptionskip=\skip47
\belowcaptionskip=\skip48
\bibindent=\dimen135
)
(c:/Users/chguiterman/AppData/Roaming/TinyTeX/texmf-dist/tex/latex/graphics/gra
phicx.sty
Package: graphicx 2019/11/30 v1.2a Enhanced LaTeX Graphics (DPC,SPQR)

(c:/Users/chguiterman/AppData/Roaming/TinyTeX/texmf-dist/tex/latex/graphics/key
val.sty
Package: keyval 2014/10/28 v1.15 key=value parser (DPC)
\KV@toks@=\toks15
)
(c:/Users/chguiterman/AppData/Roaming/TinyTeX/texmf-dist/tex/latex/graphics/gra
phics.sty
Package: graphics 2019/11/30 v1.4a Standard LaTeX Graphics (DPC,SPQR)

(c:/Users/chguiterman/AppData/Roaming/TinyTeX/texmf-dist/tex/latex/graphics/tri
g.sty
Package: trig 2016/01/03 v1.10 sin cos tan (DPC)
)
(c:/Users/chguiterman/AppData/Roaming/TinyTeX/texmf-dist/tex/latex/graphics-cfg
/graphics.cfg
File: graphics.cfg 2016/06/04 v1.11 sample graphics configuration
)
Package graphics Info: Driver file: pdftex.def on input line 105.

(c:/Users/chguiterman/AppData/Roaming/TinyTeX/texmf-dist/tex/latex/graphics-def
/pdftex.def
File: pdftex.def 2018/01/08 v1.0l Graphics/color driver for pdftex
))
\Gin@req@height=\dimen136
\Gin@req@width=\dimen137
)
(c:/Users/chguiterman/AppData/Roaming/TinyTeX/texmf-dist/tex/latex/psnfss/pifon
t.sty
Package: pifont 2005/04/12 PSNFSS-v9.2a Pi font support (SPQR) 
LaTeX Font Info:    Trying to load font information for U+pzd on input line 63.


(c:/Users/chguiterman/AppData/Roaming/TinyTeX/texmf-dist/tex/latex/psnfss/upzd.
fd
File: upzd.fd 2001/06/04 font definitions for U/pzd.
)
LaTeX Font Info:    Trying to load font information for U+psy on input line 64.


(c:/Users/chguiterman/AppData/Roaming/TinyTeX/texmf-dist/tex/latex/psnfss/upsy.
fd
File: upsy.fd 2001/06/04 font definitions for U/psy.
))
\c@tnote=\count175
\c@fnote=\count176
\c@cnote=\count177
\c@ead=\count178
\c@author=\count179
\@eadauthor=\toks16
\c@affn=\count180
\absbox=\box45
\keybox=\box46
\Columnwidth=\dimen138
\space@left=\dimen139
\els@boxa=\box47
\els@boxb=\box48
\leftMargin=\dimen140
\@enLab=\toks17
\@sep=\skip49
\@@sep=\skip50
(./paper_elsevier.spl)
(c:/Users/chguiterman/AppData/Roaming/TinyTeX/texmf-dist/tex/latex/natbib/natbi
b.sty
Package: natbib 2010/09/13 8.31b (PWD, AO)
\bibhang=\skip51
\bibsep=\skip52
LaTeX Info: Redefining \cite on input line 694.
\c@NAT@ctr=\count181
)
\splwrite=\write3
\openout3 = `paper_elsevier.spl'.

) (c:/Users/chguiterman/AppData/Roaming/TinyTeX/texmf-dist/tex/latex/url/url.st
y
\Urlmuskip=\muskip16
Package: url 2013/09/16  ver 3.4  Verb mode for urls, etc.
)
(c:/Users/chguiterman/AppData/Roaming/TinyTeX/texmf-dist/tex/latex/lineno/linen
o.sty
Package: lineno 2005/11/02 line numbers on paragraphs v4.41
\linenopenalty=\count182
\output=\toks18
\linenoprevgraf=\count183
\linenumbersep=\dimen141
\linenumberwidth=\dimen142
\c@linenumber=\count184
\c@pagewiselinenumber=\count185
\c@LN@truepage=\count186
\c@internallinenumber=\count187
\c@internallinenumbers=\count188
\quotelinenumbersep=\dimen143
\bframerule=\dimen144
\bframesep=\dimen145
\bframebox=\box49
LaTeX Info: Redefining \\ on input line 3056.
)
(c:/Users/chguiterman/AppData/Roaming/TinyTeX/texmf-dist/tex/latex/booktabs/boo
ktabs.sty
Package: booktabs 2020/01/12 v1.61803398 Publication quality tables
\heavyrulewidth=\dimen146
\lightrulewidth=\dimen147
\cmidrulewidth=\dimen148
\belowrulesep=\dimen149
\belowbottomsep=\dimen150
\aboverulesep=\dimen151
\abovetopsep=\dimen152
\cmidrulesep=\dimen153
\cmidrulekern=\dimen154
\defaultaddspace=\dimen155
\@cmidla=\count189
\@cmidlb=\count190
\@aboverulesep=\dimen156
\@belowrulesep=\dimen157
\@thisruleclass=\count191
\@lastruleclass=\count192
\@thisrulewidth=\dimen158
)
(c:/Users/chguiterman/AppData/Roaming/TinyTeX/texmf-dist/tex/latex/base/fontenc
.sty
Package: fontenc 2020/02/11 v2.0o Standard LaTeX package
)
(c:/Users/chguiterman/AppData/Roaming/TinyTeX/texmf-dist/tex/latex/lm/lmodern.s
ty
Package: lmodern 2009/10/30 v1.6 Latin Modern Fonts
LaTeX Font Info:    Overwriting symbol font `operators' in version `normal'
(Font)                  OT1/cmr/m/n --> OT1/lmr/m/n on input line 22.
LaTeX Font Info:    Overwriting symbol font `letters' in version `normal'
(Font)                  OML/cmm/m/it --> OML/lmm/m/it on input line 23.
LaTeX Font Info:    Overwriting symbol font `symbols' in version `normal'
(Font)                  OMS/cmsy/m/n --> OMS/lmsy/m/n on input line 24.
LaTeX Font Info:    Overwriting symbol font `largesymbols' in version `normal'
(Font)                  OMX/cmex/m/n --> OMX/lmex/m/n on input line 25.
LaTeX Font Info:    Overwriting symbol font `operators' in version `bold'
(Font)                  OT1/cmr/bx/n --> OT1/lmr/bx/n on input line 26.
LaTeX Font Info:    Overwriting symbol font `letters' in version `bold'
(Font)                  OML/cmm/b/it --> OML/lmm/b/it on input line 27.
LaTeX Font Info:    Overwriting symbol font `symbols' in version `bold'
(Font)                  OMS/cmsy/b/n --> OMS/lmsy/b/n on input line 28.
LaTeX Font Info:    Overwriting symbol font `largesymbols' in version `bold'
(Font)                  OMX/cmex/m/n --> OMX/lmex/m/n on input line 29.
LaTeX Font Info:    Overwriting math alphabet `\mathbf' in version `normal'
(Font)                  OT1/cmr/bx/n --> OT1/lmr/bx/n on input line 31.
LaTeX Font Info:    Overwriting math alphabet `\mathsf' in version `normal'
(Font)                  OT1/cmss/m/n --> OT1/lmss/m/n on input line 32.
LaTeX Font Info:    Overwriting math alphabet `\mathit' in version `normal'
(Font)                  OT1/cmr/m/it --> OT1/lmr/m/it on input line 33.
LaTeX Font Info:    Overwriting math alphabet `\mathtt' in version `normal'
(Font)                  OT1/cmtt/m/n --> OT1/lmtt/m/n on input line 34.
LaTeX Font Info:    Overwriting math alphabet `\mathbf' in version `bold'
(Font)                  OT1/cmr/bx/n --> OT1/lmr/bx/n on input line 35.
LaTeX Font Info:    Overwriting math alphabet `\mathsf' in version `bold'
(Font)                  OT1/cmss/bx/n --> OT1/lmss/bx/n on input line 36.
LaTeX Font Info:    Overwriting math alphabet `\mathit' in version `bold'
(Font)                  OT1/cmr/bx/it --> OT1/lmr/bx/it on input line 37.
LaTeX Font Info:    Overwriting math alphabet `\mathtt' in version `bold'
(Font)                  OT1/cmtt/m/n --> OT1/lmtt/m/n on input line 38.
)
(c:/Users/chguiterman/AppData/Roaming/TinyTeX/texmf-dist/tex/latex/amsfonts/ams
symb.sty
Package: amssymb 2013/01/14 v3.01 AMS font symbols

(c:/Users/chguiterman/AppData/Roaming/TinyTeX/texmf-dist/tex/latex/amsfonts/ams
fonts.sty
Package: amsfonts 2013/01/14 v3.01 Basic AMSFonts support
\@emptytoks=\toks19
\symAMSa=\mathgroup4
\symAMSb=\mathgroup5
LaTeX Font Info:    Redeclaring math symbol \hbar on input line 98.
LaTeX Font Info:    Overwriting math alphabet `\mathfrak' in version `bold'
(Font)                  U/euf/m/n --> U/euf/b/n on input line 106.
))
(c:/Users/chguiterman/AppData/Roaming/TinyTeX/texmf-dist/tex/latex/amsmath/amsm
ath.sty
Package: amsmath 2020/01/20 v2.17e AMS math features
\@mathmargin=\skip53
For additional information on amsmath, use the `?' option.

(c:/Users/chguiterman/AppData/Roaming/TinyTeX/texmf-dist/tex/latex/amsmath/amst
ext.sty
Package: amstext 2000/06/29 v2.01 AMS text

(c:/Users/chguiterman/AppData/Roaming/TinyTeX/texmf-dist/tex/latex/amsmath/amsg
en.sty
File: amsgen.sty 1999/11/30 v2.0 generic functions
\@emptytoks=\toks20
\ex@=\dimen159
))
(c:/Users/chguiterman/AppData/Roaming/TinyTeX/texmf-dist/tex/latex/amsmath/amsb
sy.sty
Package: amsbsy 1999/11/29 v1.2d Bold Symbols
\pmbraise@=\dimen160
)
(c:/Users/chguiterman/AppData/Roaming/TinyTeX/texmf-dist/tex/latex/amsmath/amso
pn.sty
Package: amsopn 2016/03/08 v2.02 operator names
)
\inf@bad=\count193
LaTeX Info: Redefining \frac on input line 227.
\uproot@=\count194
\leftroot@=\count195
LaTeX Info: Redefining \overline on input line 389.
\classnum@=\count196
\DOTSCASE@=\count197
LaTeX Info: Redefining \ldots on input line 486.
LaTeX Info: Redefining \dots on input line 489.
LaTeX Info: Redefining \cdots on input line 610.
\Mathstrutbox@=\box50
\strutbox@=\box51
\big@size=\dimen161
LaTeX Font Info:    Redeclaring font encoding OML on input line 733.
LaTeX Font Info:    Redeclaring font encoding OMS on input line 734.
\macc@depth=\count198
\c@MaxMatrixCols=\count199
\dotsspace@=\muskip17
\c@parentequation=\count266
\dspbrk@lvl=\count267
\tag@help=\toks21
\row@=\count268
\column@=\count269
\maxfields@=\count270
\andhelp@=\toks22
\eqnshift@=\dimen162
\alignsep@=\dimen163
\tagshift@=\dimen164
\tagwidth@=\dimen165
\totwidth@=\dimen166
\lineht@=\dimen167
\@envbody=\toks23
\multlinegap=\skip54
\multlinetaggap=\skip55
\mathdisplay@stack=\toks24
LaTeX Info: Redefining \[ on input line 2859.
LaTeX Info: Redefining \] on input line 2860.
)
(c:/Users/chguiterman/AppData/Roaming/TinyTeX/texmf-dist/tex/generic/iftex/ifxe
tex.sty
Package: ifxetex 2019/10/25 v0.7 ifxetex legacy package. Use iftex instead.

(c:/Users/chguiterman/AppData/Roaming/TinyTeX/texmf-dist/tex/generic/iftex/ifte
x.sty
Package: iftex 2019/11/07 v1.0c TeX engine tests
))
(c:/Users/chguiterman/AppData/Roaming/TinyTeX/texmf-dist/tex/generic/iftex/iflu
atex.sty
Package: ifluatex 2019/10/25 v1.5 ifluatex legacy package. Use iftex instead.
)
(c:/Users/chguiterman/AppData/Roaming/TinyTeX/texmf-dist/tex/latex/base/fixltx2
e.sty
Package: fixltx2e 2016/12/29 v2.1a fixes to LaTeX (obsolete)
Applying: [2015/01/01] Old fixltx2e package on input line 46.

Package fixltx2e Warning: fixltx2e is not required with releases after 2015
(fixltx2e)                All fixes are now in the LaTeX kernel.
(fixltx2e)                See the latexrelease package for details.

Already applied: [0000/00/00] Old fixltx2e package on input line 53.
)
(c:/Users/chguiterman/AppData/Roaming/TinyTeX/texmf-dist/tex/latex/upquote/upqu
ote.sty
Package: upquote 2012/04/19 v1.3 upright-quote and grave-accent glyphs in verba
tim

(c:/Users/chguiterman/AppData/Roaming/TinyTeX/texmf-dist/tex/latex/base/textcom
p.sty
Package: textcomp 2020/02/02 v2.0n Standard LaTeX package
))
(c:/Users/chguiterman/AppData/Roaming/TinyTeX/texmf-dist/tex/latex/base/inputen
c.sty
Package: inputenc 2018/08/11 v1.3c Input encoding file
\inpenc@prehook=\toks25
\inpenc@posthook=\toks26
)
(c:/Users/chguiterman/AppData/Roaming/TinyTeX/texmf-dist/tex/latex/graphics/col
or.sty
Package: color 2019/11/23 v1.2a Standard LaTeX Color (DPC)

(c:/Users/chguiterman/AppData/Roaming/TinyTeX/texmf-dist/tex/latex/graphics-cfg
/color.cfg
File: color.cfg 2016/01/02 v1.6 sample color configuration
)
Package color Info: Driver file: pdftex.def on input line 147.
)
(c:/Users/chguiterman/AppData/Roaming/TinyTeX/texmf-dist/tex/latex/fancyvrb/fan
cyvrb.sty
Package: fancyvrb 2020/01/13 v3.5 verbatim text (tvz,hv)
\FV@CodeLineNo=\count271
\FV@InFile=\read2
\FV@TabBox=\box52
\c@FancyVerbLine=\count272
\FV@StepNumber=\count273
\FV@OutFile=\write4
)
(c:/Users/chguiterman/AppData/Roaming/TinyTeX/texmf-dist/tex/latex/framed/frame
d.sty
Package: framed 2011/10/22 v 0.96: framed or shaded text with page breaks
\OuterFrameSep=\skip56
\fb@frw=\dimen168
\fb@frh=\dimen169
\FrameRule=\dimen170
\FrameSep=\dimen171
)
(c:/Users/chguiterman/AppData/Roaming/TinyTeX/texmf-dist/tex/latex/tools/longta
ble.sty
Package: longtable 2020/01/07 v4.13 Multi-page Table package (DPC)
\LTleft=\skip57
\LTright=\skip58
\LTpre=\skip59
\LTpost=\skip60
\LTchunksize=\count274
\LTcapwidth=\dimen172
\LT@head=\box53
\LT@firsthead=\box54
\LT@foot=\box55
\LT@lastfoot=\box56
\LT@cols=\count275
\LT@rows=\count276
\c@LT@tables=\count277
\c@LT@chunks=\count278
\LT@p@ftn=\toks27
)
(c:/Users/chguiterman/AppData/Roaming/TinyTeX/texmf-dist/tex/latex/hyperref/hyp
erref.sty
Package: hyperref 2020/01/14 v7.00d Hypertext links for LaTeX

(c:/Users/chguiterman/AppData/Roaming/TinyTeX/texmf-dist/tex/generic/ltxcmds/lt
xcmds.sty
Package: ltxcmds 2019/12/15 v1.24 LaTeX kernel commands for general use (HO)
)
(c:/Users/chguiterman/AppData/Roaming/TinyTeX/texmf-dist/tex/latex/pdftexcmds/p
dftexcmds.sty
Package: pdftexcmds 2019/11/24 v0.31 Utility functions of pdfTeX for LuaTeX (HO
)

(c:/Users/chguiterman/AppData/Roaming/TinyTeX/texmf-dist/tex/generic/infwarerr/
infwarerr.sty
Package: infwarerr 2019/12/03 v1.5 Providing info/warning/error messages (HO)
)
Package pdftexcmds Info: \pdf@primitive is available.
Package pdftexcmds Info: \pdf@ifprimitive is available.
Package pdftexcmds Info: \pdfdraftmode found.
)
(c:/Users/chguiterman/AppData/Roaming/TinyTeX/texmf-dist/tex/generic/kvsetkeys/
kvsetkeys.sty
Package: kvsetkeys 2019/12/15 v1.18 Key value parser (HO)
)
(c:/Users/chguiterman/AppData/Roaming/TinyTeX/texmf-dist/tex/generic/kvdefineke
ys/kvdefinekeys.sty
Package: kvdefinekeys 2019-12-19 v1.6 Define keys (HO)
)
(c:/Users/chguiterman/AppData/Roaming/TinyTeX/texmf-dist/tex/generic/oberdiek/p
dfescape.sty
Package: pdfescape 2016/05/16 v1.14 Implements pdfTeX's escape features (HO)
)
(c:/Users/chguiterman/AppData/Roaming/TinyTeX/texmf-dist/tex/latex/hycolor/hyco
lor.sty
Package: hycolor 2020-01-27 v1.10 Color options for hyperref/bookmark (HO)
)
(c:/Users/chguiterman/AppData/Roaming/TinyTeX/texmf-dist/tex/latex/letltxmacro/
letltxmacro.sty
Package: letltxmacro 2019/12/03 v1.6 Let assignment for LaTeX macros (HO)
)
(c:/Users/chguiterman/AppData/Roaming/TinyTeX/texmf-dist/tex/latex/auxhook/auxh
ook.sty
Package: auxhook 2019-12-17 v1.6 Hooks for auxiliary files (HO)
)
(c:/Users/chguiterman/AppData/Roaming/TinyTeX/texmf-dist/tex/latex/kvoptions/kv
options.sty
Package: kvoptions 2019/11/29 v3.13 Key value format for package options (HO)
)
\@linkdim=\dimen173
\Hy@linkcounter=\count279
\Hy@pagecounter=\count280

(c:/Users/chguiterman/AppData/Roaming/TinyTeX/texmf-dist/tex/latex/hyperref/pd1
enc.def
File: pd1enc.def 2020/01/14 v7.00d Hyperref: PDFDocEncoding definition (HO)
Now handling font encoding PD1 ...
... no UTF-8 mapping file for font encoding PD1
)
(c:/Users/chguiterman/AppData/Roaming/TinyTeX/texmf-dist/tex/generic/intcalc/in
tcalc.sty
Package: intcalc 2019/12/15 v1.3 Expandable calculations with integers (HO)
)
(c:/Users/chguiterman/AppData/Roaming/TinyTeX/texmf-dist/tex/generic/etexcmds/e
texcmds.sty
Package: etexcmds 2019/12/15 v1.7 Avoid name clashes with e-TeX commands (HO)
)
\Hy@SavedSpaceFactor=\count281
\pdfmajorversion=\count282

(c:/Users/chguiterman/AppData/Roaming/TinyTeX/texmf-dist/tex/latex/latexconfig/
hyperref.cfg
File: hyperref.cfg 2002/06/06 v1.2 hyperref configuration of TeXLive
)
Package hyperref Info: Option `unicode' set `true' on input line 4421.

(c:/Users/chguiterman/AppData/Roaming/TinyTeX/texmf-dist/tex/latex/hyperref/pue
nc.def
File: puenc.def 2020/01/14 v7.00d Hyperref: PDF Unicode definition (HO)
Now handling font encoding PU ...
... no UTF-8 mapping file for font encoding PU
)
Package hyperref Info: Hyper figures OFF on input line 4547.
Package hyperref Info: Link nesting OFF on input line 4552.
Package hyperref Info: Hyper index ON on input line 4555.
Package hyperref Info: Plain pages OFF on input line 4562.
Package hyperref Info: Backreferencing OFF on input line 4567.
Package hyperref Info: Implicit mode ON; LaTeX internals redefined.
Package hyperref Info: Bookmarks ON on input line 4800.
\c@Hy@tempcnt=\count283
LaTeX Info: Redefining \url on input line 5159.
\XeTeXLinkMargin=\dimen174

(c:/Users/chguiterman/AppData/Roaming/TinyTeX/texmf-dist/tex/generic/bitset/bit
set.sty
Package: bitset 2019/12/09 v1.3 Handle bit-vector datatype (HO)

(c:/Users/chguiterman/AppData/Roaming/TinyTeX/texmf-dist/tex/generic/bigintcalc
/bigintcalc.sty
Package: bigintcalc 2019/12/15 v1.5 Expandable calculations on big integers (HO
)
))
\Fld@menulength=\count284
\Field@Width=\dimen175
\Fld@charsize=\dimen176
Package hyperref Info: Hyper figures OFF on input line 6430.
Package hyperref Info: Link nesting OFF on input line 6435.
Package hyperref Info: Hyper index ON on input line 6438.
Package hyperref Info: backreferencing OFF on input line 6445.
Package hyperref Info: Link coloring OFF on input line 6450.
Package hyperref Info: Link coloring with OCG OFF on input line 6455.
Package hyperref Info: PDF/A mode OFF on input line 6460.
LaTeX Info: Redefining \ref on input line 6500.
LaTeX Info: Redefining \pageref on input line 6504.

(c:/Users/chguiterman/AppData/Roaming/TinyTeX/texmf-dist/tex/generic/atbegshi/a
tbegshi.sty
Package: atbegshi 2019/12/05 v1.19 At begin shipout hook (HO)
)
\Hy@abspage=\count285
\c@Item=\count286
\c@Hfootnote=\count287
)
Package hyperref Info: Driver (autodetected): hpdftex.

(c:/Users/chguiterman/AppData/Roaming/TinyTeX/texmf-dist/tex/latex/hyperref/hpd
ftex.def
File: hpdftex.def 2020/01/14 v7.00d Hyperref driver for pdfTeX

(c:/Users/chguiterman/AppData/Roaming/TinyTeX/texmf-dist/tex/latex/atveryend/at
veryend.sty
Package: atveryend 2019-12-11 v1.11 Hooks at the very end of document (HO)
Package atveryend Info: \enddocument detected (standard20110627).
)
\Fld@listcount=\count288
\c@bookmark@seq@number=\count289

(c:/Users/chguiterman/AppData/Roaming/TinyTeX/texmf-dist/tex/latex/oberdiek/rer
unfilecheck.sty
Package: rerunfilecheck 2016/05/16 v1.8 Rerun checks for auxiliary files (HO)

(c:/Users/chguiterman/AppData/Roaming/TinyTeX/texmf-dist/tex/generic/oberdiek/u
niquecounter.sty
Package: uniquecounter 2016/05/16 v1.3 Provide unlimited unique counter (HO)
)
Package uniquecounter Info: New unique counter `rerunfilecheck' on input line 2
82.
)
\Hy@SectionHShift=\skip61
)
Package hyperref Info: Option `breaklinks' set `true' on input line 101.

Package hyperref Warning: Option `bookmarks' has already been used,
(hyperref)                setting the option has no effect on input line 101.

Package hyperref Info: Option `colorlinks' set `false' on input line 101.

(c:/Users/chguiterman/AppData/Roaming/TinyTeX/texmf-dist/tex/latex/tools/array.
sty
Package: array 2019/08/31 v2.4l Tabular extension package (FMi)
\col@sep=\dimen177
\ar@mcellbox=\box57
\extrarowheight=\dimen178
\NC@list=\toks28
\extratabsurround=\skip62
\backup@length=\skip63
\ar@cellbox=\box58
)
(c:/Users/chguiterman/AppData/Roaming/TinyTeX/texmf-dist/tex/latex/multirow/mul
tirow.sty
Package: multirow 2019/01/01 v2.4 Span multiple rows of a table
\multirow@colwidth=\skip64
\multirow@cntb=\count290
\multirow@dima=\skip65
\bigstrutjot=\dimen179
)
(c:/Users/chguiterman/AppData/Roaming/TinyTeX/texmf-dist/tex/latex/wrapfig/wrap
fig.sty
\wrapoverhang=\dimen180
\WF@size=\dimen181
\c@WF@wrappedlines=\count291
\WF@box=\box59
\WF@everypar=\toks29
Package: wrapfig 2003/01/31  v 3.6
)
(c:/Users/chguiterman/AppData/Roaming/TinyTeX/texmf-dist/tex/latex/float/float.
sty
Package: float 2001/11/08 v1.3d Float enhancements (AL)
\c@float@type=\count292
\float@exts=\toks30
\float@box=\box60
\@float@everytoks=\toks31
\@floatcapt=\box61
)
(c:/Users/chguiterman/AppData/Roaming/TinyTeX/texmf-dist/tex/latex/colortbl/col
ortbl.sty
Package: colortbl 2018/12/12 v1.0d Color table columns (DPC)
\everycr=\toks32
\minrowclearance=\skip66
)
(c:/Users/chguiterman/AppData/Roaming/TinyTeX/texmf-dist/tex/latex/oberdiek/pdf
lscape.sty
Package: pdflscape 2016/05/14 v0.11 Display of landscape pages in PDF (HO)

(c:/Users/chguiterman/AppData/Roaming/TinyTeX/texmf-dist/tex/latex/graphics/lsc
ape.sty
Package: lscape 2000/10/22 v3.01 Landscape Pages (DPC)
)
(c:/Users/chguiterman/AppData/Roaming/TinyTeX/texmf-dist/tex/generic/iftex/ifpd
f.sty
Package: ifpdf 2019/10/25 v3.4 ifpdf legacy package. Use iftex instead.
)
Package pdflscape Info: Auto-detected driver: pdftex on input line 81.
)
(c:/Users/chguiterman/AppData/Roaming/TinyTeX/texmf-dist/tex/latex/tabu/tabu.st
y
Package: tabu 2019/01/11 v2.9 - flexible LaTeX tabulars (FC+tabu-fixed)

(c:/Users/chguiterman/AppData/Roaming/TinyTeX/texmf-dist/tex/latex/varwidth/var
width.sty
Package: varwidth 2009/03/30 ver 0.92;  Variable-width minipages
\@vwid@box=\box62
\sift@deathcycles=\count293
\@vwid@loff=\dimen182
\@vwid@roff=\dimen183
)
\c@taburow=\count294
\tabu@nbcols=\count295
\tabu@cnt=\count296
\tabu@Xcol=\count297
\tabu@alloc=\count298
\tabu@nested=\count299
\tabu@target=\dimen184
\tabu@spreadtarget=\dimen185
\tabu@naturalX=\dimen186
\tabucolX=\dimen187
\tabu@Xsum=\dimen188
\extrarowdepth=\dimen189
\abovetabulinesep=\dimen190
\belowtabulinesep=\dimen191
\tabustrutrule=\dimen192
\tabu@thebody=\toks33
\tabu@footnotes=\toks34
\tabu@box=\box63
\tabu@arstrutbox=\box64
\tabu@hleads=\box65
\tabu@vleads=\box66
\tabu@cellskip=\skip67
)
(c:/Users/chguiterman/AppData/Roaming/TinyTeX/texmf-dist/tex/latex/threeparttab
le/threeparttable.sty
Package: threeparttable 2003/06/13  v 3.0
\@tempboxb=\box67
)
(c:/Users/chguiterman/AppData/Roaming/TinyTeX/texmf-dist/tex/latex/threeparttab
lex/threeparttablex.sty
Package: threeparttablex 2013/07/23 v0.3 by daleif

(c:/Users/chguiterman/AppData/Roaming/TinyTeX/texmf-dist/tex/latex/environ/envi
ron.sty
Package: environ 2014/05/04 v0.3 A new way to define environments

(c:/Users/chguiterman/AppData/Roaming/TinyTeX/texmf-dist/tex/latex/trimspaces/t
rimspaces.sty
Package: trimspaces 2009/09/17 v1.1 Trim spaces around a token list
))
\TPTL@width=\skip68
)
(c:/Users/chguiterman/AppData/Roaming/TinyTeX/texmf-dist/tex/generic/ulem/ulem.
sty
\UL@box=\box68
\UL@hyphenbox=\box69
\UL@skip=\skip69
\UL@hook=\toks35
\UL@height=\dimen193
\UL@pe=\count300
\UL@pixel=\dimen194
\ULC@box=\box70
Package: ulem 2012/05/18
\ULdepth=\dimen195
)
(c:/Users/chguiterman/AppData/Roaming/TinyTeX/texmf-dist/tex/latex/makecell/mak
ecell.sty
Package: makecell 2009/08/03 V0.1e Managing of Tab Column Heads and Cells
\rotheadsize=\dimen196
\c@nlinenum=\count301
\TeXr@lab=\toks36
)
(c:/Users/chguiterman/AppData/Roaming/TinyTeX/texmf-dist/tex/latex/xcolor/xcolo
r.sty
Package: xcolor 2016/05/11 v2.12 LaTeX color extensions (UK)

(c:/Users/chguiterman/AppData/Roaming/TinyTeX/texmf-dist/tex/latex/graphics-cfg
/color.cfg
File: color.cfg 2016/01/02 v1.6 sample color configuration
)
Package xcolor Info: Driver file: pdftex.def on input line 225.
LaTeX Info: Redefining \color on input line 709.
Package xcolor Info: Model `cmy' substituted by `cmy0' on input line 1348.
Package xcolor Info: Model `hsb' substituted by `rgb' on input line 1352.
Package xcolor Info: Model `RGB' extended on input line 1364.
Package xcolor Info: Model `HTML' substituted by `rgb' on input line 1366.
Package xcolor Info: Model `Hsb' substituted by `hsb' on input line 1367.
Package xcolor Info: Model `tHsb' substituted by `hsb' on input line 1368.
Package xcolor Info: Model `HSB' substituted by `hsb' on input line 1369.
Package xcolor Info: Model `Gray' substituted by `gray' on input line 1370.
Package xcolor Info: Model `wave' substituted by `hsb' on input line 1371.
)
(c:/Users/chguiterman/AppData/Roaming/TinyTeX/texmf-dist/tex/latex/l3backend/l3
backend-pdfmode.def
File: l3backend-pdfmode.def 2020-02-23 L3 backend support: PDF mode
\l__kernel_color_stack_int=\count302
\l__pdf_internal_box=\box71
) (./paper_elsevier.aux)
\openout1 = `paper_elsevier.aux'.

LaTeX Font Info:    Checking defaults for OML/cmm/m/it on input line 136.
LaTeX Font Info:    ... okay on input line 136.
LaTeX Font Info:    Checking defaults for OMS/cmsy/m/n on input line 136.
LaTeX Font Info:    ... okay on input line 136.
LaTeX Font Info:    Checking defaults for OT1/cmr/m/n on input line 136.
LaTeX Font Info:    ... okay on input line 136.
LaTeX Font Info:    Checking defaults for T1/cmr/m/n on input line 136.
LaTeX Font Info:    ... okay on input line 136.
LaTeX Font Info:    Checking defaults for TS1/cmr/m/n on input line 136.
LaTeX Font Info:    ... okay on input line 136.
LaTeX Font Info:    Checking defaults for OMX/cmex/m/n on input line 136.
LaTeX Font Info:    ... okay on input line 136.
LaTeX Font Info:    Checking defaults for U/cmr/m/n on input line 136.
LaTeX Font Info:    ... okay on input line 136.
LaTeX Font Info:    Checking defaults for PD1/pdf/m/n on input line 136.
LaTeX Font Info:    ... okay on input line 136.
LaTeX Font Info:    Checking defaults for PU/pdf/m/n on input line 136.
LaTeX Font Info:    ... okay on input line 136.
LaTeX Font Info:    Trying to load font information for T1+lmr on input line 13
6.
(c:/Users/chguiterman/AppData/Roaming/TinyTeX/texmf-dist/tex/latex/lm/t1lmr.fd
File: t1lmr.fd 2009/10/30 v1.6 Font defs for Latin Modern
)
(c:/Users/chguiterman/AppData/Roaming/TinyTeX/texmf-dist/tex/latex/oberdiek/eps
topdf-base.sty
Package: epstopdf-base 2016/05/15 v2.6 Base part for package epstopdf

(c:/Users/chguiterman/AppData/Roaming/TinyTeX/texmf-dist/tex/latex/grfext/grfex
t.sty
Package: grfext 2019/12/03 v1.3 Manage graphics extensions (HO)
)
Package epstopdf-base Info: Redefining graphics rule for `.eps' on input line 4
38.
Package grfext Info: Graphics extension search list:
(grfext)             [.pdf,.png,.jpg,.mps,.jpeg,.jbig2,.jb2,.PDF,.PNG,.JPG,.JPE
G,.JBIG2,.JB2,.eps]
(grfext)             \AppendGraphicsExtensions on input line 456.

(c:/Users/chguiterman/AppData/Roaming/TinyTeX/texmf-dist/tex/latex/latexconfig/
epstopdf-sys.cfg
File: epstopdf-sys.cfg 2010/07/13 v1.3 Configuration of (r)epstopdf for TeX Liv
e
))
\AtBeginShipoutBox=\box72
Package hyperref Info: Link coloring OFF on input line 136.

(c:/Users/chguiterman/AppData/Roaming/TinyTeX/texmf-dist/tex/latex/hyperref/nam
eref.sty
Package: nameref 2019/09/16 v2.46 Cross-referencing by name of section

(c:/Users/chguiterman/AppData/Roaming/TinyTeX/texmf-dist/tex/latex/oberdiek/ref
count.sty
Package: refcount 2016/05/16 v3.5 Data extraction from label references (HO)
)
(c:/Users/chguiterman/AppData/Roaming/TinyTeX/texmf-dist/tex/generic/gettitlest
ring/gettitlestring.sty
Package: gettitlestring 2019/12/15 v1.6 Cleanup title references (HO)
)
\c@section@level=\count303
)
LaTeX Info: Redefining \ref on input line 136.
LaTeX Info: Redefining \pageref on input line 136.
LaTeX Info: Redefining \nameref on input line 136.
(./paper_elsevier.out) (./paper_elsevier.out)
\@outlinefile=\write5
\openout5 = `paper_elsevier.out'.

LaTeX Font Info:    Trying to load font information for T1+lmtt on input line 1
53.

(c:/Users/chguiterman/AppData/Roaming/TinyTeX/texmf-dist/tex/latex/lm/t1lmtt.fd
File: t1lmtt.fd 2009/10/30 v1.6 Font defs for Latin Modern
)
LaTeX Font Info:    Trying to load font information for OT1+lmr on input line 1
56.

(c:/Users/chguiterman/AppData/Roaming/TinyTeX/texmf-dist/tex/latex/lm/ot1lmr.fd
File: ot1lmr.fd 2009/10/30 v1.6 Font defs for Latin Modern
)
LaTeX Font Info:    Trying to load font information for OML+lmm on input line 1
56.

(c:/Users/chguiterman/AppData/Roaming/TinyTeX/texmf-dist/tex/latex/lm/omllmm.fd
File: omllmm.fd 2009/10/30 v1.6 Font defs for Latin Modern
)
LaTeX Font Info:    Trying to load font information for OMS+lmsy on input line 
156.

(c:/Users/chguiterman/AppData/Roaming/TinyTeX/texmf-dist/tex/latex/lm/omslmsy.f
d
File: omslmsy.fd 2009/10/30 v1.6 Font defs for Latin Modern
)
LaTeX Font Info:    Trying to load font information for OMX+lmex on input line 
156.

(c:/Users/chguiterman/AppData/Roaming/TinyTeX/texmf-dist/tex/latex/lm/omxlmex.f
d
File: omxlmex.fd 2009/10/30 v1.6 Font defs for Latin Modern
)
LaTeX Font Info:    External font `lmex10' loaded for size
(Font)              <8> on input line 156.
LaTeX Font Info:    External font `lmex10' loaded for size
(Font)              <6> on input line 156.
LaTeX Font Info:    External font `lmex10' loaded for size
(Font)              <5> on input line 156.
LaTeX Font Info:    Trying to load font information for U+msa on input line 156
.

(c:/Users/chguiterman/AppData/Roaming/TinyTeX/texmf-dist/tex/latex/amsfonts/ums
a.fd
File: umsa.fd 2013/01/14 v3.01 AMS symbols A
)
LaTeX Font Info:    Trying to load font information for U+msb on input line 156
.

(c:/Users/chguiterman/AppData/Roaming/TinyTeX/texmf-dist/tex/latex/amsfonts/ums
b.fd
File: umsb.fd 2013/01/14 v3.01 AMS symbols B
)
LaTeX Font Info:    Trying to load font information for T1+lmss on input line 1
56.

(c:/Users/chguiterman/AppData/Roaming/TinyTeX/texmf-dist/tex/latex/lm/t1lmss.fd
File: t1lmss.fd 2009/10/30 v1.6 Font defs for Latin Modern
)
LaTeX Font Info:    External font `lmex10' loaded for size
(Font)              <10> on input line 156.
LaTeX Font Info:    External font `lmex10' loaded for size
(Font)              <7> on input line 156.

Overfull \vbox (46.02922pt too high) has occurred while \output is active []

[1


{c:/Users/chguiterman/AppData/Roaming/TinyTeX/texmf-var/fonts/map/pdftex/updmap
/pdftex.map}] [2] [3]
LaTeX Font Info:    Trying to load font information for TS1+lmr on input line 1
79.

(c:/Users/chguiterman/AppData/Roaming/TinyTeX/texmf-dist/tex/latex/lm/ts1lmr.fd
File: ts1lmr.fd 2009/10/30 v1.6 Font defs for Latin Modern
)
Overfull \hbox (25.23497pt too wide) in paragraph at lines 186--187
[]\T1/lmr/m/n/10 At the heart of \T1/lmtt/m/n/10 dfoliatR \T1/lmr/m/n/10 lies t
wo func-tions: \T1/lmtt/m/n/10 defoliate_trees() \T1/lmr/m/n/10 and \T1/lmtt/m/
n/10 outbreak()\T1/lmr/m/n/10 .
 []

[4]
<D:/Dropbox/dfoliatR_paper/paper_elsevier/Output/tree-plot-default.pdf, id=103,
 415.5525pt x 417.56pt>
File: D:/Dropbox/dfoliatR_paper/paper_elsevier/Output/tree-plot-default.pdf Gra
phic file (type pdf)
<use D:/Dropbox/dfoliatR_paper/paper_elsevier/Output/tree-plot-default.pdf>
Package pdftex.def Info: D:/Dropbox/dfoliatR_paper/paper_elsevier/Output/tree-p
lot-default.pdf  used on input line 192.
(pdftex.def)             Requested size: 345.0pt x 346.68301pt.
<D:/Dropbox/dfoliatR_paper/paper_elsevier/Output/site-plot.pdf, id=104, 415.552
5pt x 417.56pt>
File: D:/Dropbox/dfoliatR_paper/paper_elsevier/Output/site-plot.pdf Graphic fil
e (type pdf)
<use D:/Dropbox/dfoliatR_paper/paper_elsevier/Output/site-plot.pdf>
Package pdftex.def Info: D:/Dropbox/dfoliatR_paper/paper_elsevier/Output/site-p
lot.pdf  used on input line 200.
(pdftex.def)             Requested size: 345.0pt x 346.68301pt.

Underfull \hbox (badness 1043) in paragraph at lines 201--201
[]\T1/lmr/m/n/8 Figure 2: [][]Default \T1/lmtt/m/n/8 dfoliatR \T1/lmr/m/n/8 gra
phic for site-level out-break events, pro-duced by the
 []

[5] [6pdfTeX warning (ext4): destination with the same identifier (name{figure.
1}) has been already used, duplicate ignored

\AtBegShi@Output ...ipout \box \AtBeginShipoutBox 
                                                  \fi \fi 
l.214 
       <d:/Dropbox/dfoliatR_paper/paper_elsevier/Output/tree-plot-default.pdf>]
[7pdfTeX warning (ext4): destination with the same identifier (name{figure.2}) 
has been already used, duplicate ignored

\AtBegShi@Output ...ipout \box \AtBeginShipoutBox 
                                                  \fi \fi 
l.214 
       <d:/Dropbox/dfoliatR_paper/paper_elsevier/Output/site-plot.pdf>] [8]
<D:/Dropbox/dfoliatR_paper/paper_elsevier/Output/bridging_color.pdf, id=146, 41
5.5525pt x 417.56pt>
File: D:/Dropbox/dfoliatR_paper/paper_elsevier/Output/bridging_color.pdf Graphi
c file (type pdf)
<use D:/Dropbox/dfoliatR_paper/paper_elsevier/Output/bridging_color.pdf>
Package pdftex.def Info: D:/Dropbox/dfoliatR_paper/paper_elsevier/Output/bridgi
ng_color.pdf  used on input line 225.
(pdftex.def)             Requested size: 345.0pt x 346.68301pt.
[9] [10pdfTeX warning (ext4): destination with the same identifier (name{figure
.3}) has been already used, duplicate ignored

\AtBegShi@Output ...ipout \box \AtBeginShipoutBox 
                                                  \fi \fi 
l.233 
       <d:/Dropbox/dfoliatR_paper/paper_elsevier/Output/bridging_color.pdf>] [1
1]
Overfull \hbox (54.07948pt too wide) in paragraph at lines 253--255
\T1/lmr/m/n/10 this op-tion is con-trolled by the ``se-ries_end_events'' pa-ram
-e-ter to \T1/lmtt/m/n/10 defoliate_trees()\T1/lmr/m/n/10 .
 []

[12]
Overfull \hbox (4.47197pt too wide) in paragraph at lines 255--257
[]\T1/lmr/m/it/10 Sequential events \T1/lmr/m/n/10 (36%) in which OUT-BREAK omi
t-ted back-to-back events
 []

[13]
<D:/Dropbox/dfoliatR_paper/paper_elsevier/Output/plot-sites-df-obr.pdf, id=185,
 415.5525pt x 417.56pt>
File: D:/Dropbox/dfoliatR_paper/paper_elsevier/Output/plot-sites-df-obr.pdf Gra
phic file (type pdf)
<use D:/Dropbox/dfoliatR_paper/paper_elsevier/Output/plot-sites-df-obr.pdf>
Package pdftex.def Info: D:/Dropbox/dfoliatR_paper/paper_elsevier/Output/plot-s
ites-df-obr.pdf  used on input line 269.
(pdftex.def)             Requested size: 345.0pt x 346.68301pt.

Package xcolor Warning: Incompatible color definition on input line 280.

LaTeX Font Info:    Font shape `T1/lmtt/bx/n' in size <10> not available
(Font)              Font shape `T1/lmtt/b/n' tried instead on input line 282.

Package xcolor Warning: Incompatible color definition on input line 284.


Package xcolor Warning: Incompatible color definition on input line 284.


Package xcolor Warning: Incompatible color definition on input line 288.


Package xcolor Warning: Incompatible color definition on input line 292.


Package xcolor Warning: Incompatible color definition on input line 292.


Package xcolor Warning: Incompatible color definition on input line 296.


Package xcolor Warning: Incompatible color definition on input line 300.


Package xcolor Warning: Incompatible color definition on input line 300.

[14] [15pdfTeX warning (ext4): destination with the same identifier (name{figur
e.4}) has been already used, duplicate ignored

\AtBegShi@Output ...ipout \box \AtBeginShipoutBox 
                                                  \fi \fi 
l.303 
       <d:/Dropbox/dfoliatR_paper/paper_elsevier/Output/plot-sites-df-obr.pdf>]
[16]

Package xcolor Warning: Incompatible color definition on input line 318.


Package xcolor Warning: Incompatible color definition on input line 338.


Package xcolor Warning: Incompatible color definition on input line 338.

[17]

Package xcolor Warning: Incompatible color definition on input line 346.


Package xcolor Warning: Incompatible color definition on input line 351.


Package xcolor Warning: Incompatible color definition on input line 351.


LaTeX Warning: `!h' float specifier changed to `!ht'.


Package xcolor Warning: Incompatible color definition on input line 389.

LaTeX Font Info:    Trying to load font information for TS1+lmtt on input line 
397.

(c:/Users/chguiterman/AppData/Roaming/TinyTeX/texmf-dist/tex/latex/lm/ts1lmtt.f
d
File: ts1lmtt.fd 2009/10/30 v1.6 Font defs for Latin Modern
)

Package xcolor Warning: Incompatible color definition on input line 405.


Package xcolor Warning: Incompatible color definition on input line 405.


Package xcolor Warning: Incompatible color definition on input line 405.

[18]

Package xcolor Warning: Incompatible color definition on input line 405.


Package xcolor Warning: Incompatible color definition on input line 405.


Underfull \vbox (badness 10000) detected at line 405
 []


Underfull \vbox (badness 10000) detected at line 405
 []


Package xcolor Warning: Incompatible color definition on input line 405.

[19pdfTeX warning (ext4): destination with the same identifier (name{table.1}) 
has been already used, duplicate ignored

\AtBegShi@Output ...ipout \box \AtBeginShipoutBox 
                                                  \fi \fi 
l.405 \end{Shaded}
                  ]

Package xcolor Warning: Incompatible color definition on input line 405.


Package xcolor Warning: Incompatible color definition on input line 405.


Package xcolor Warning: Incompatible color definition on input line 414.


Package xcolor Warning: Incompatible color definition on input line 422.


Package xcolor Warning: Incompatible color definition on input line 422.


Overfull \hbox (36.89342pt too wide) in paragraph at lines 424--425
\T1/lmr/m/n/10 eight vari-ables: ``year'', ``num_defol'', ``per-cent_defol'', `
`num_max_defol'', ``mean_gsi'',
 []

[20]
Overfull \hbox (45.49054pt too wide) in paragraph at lines 426--427
[]\T1/lmr/m/n/10 The de-fault plot-ting func-tion to vi-su-al-ize re-sults from
 \T1/lmtt/m/n/10 outbreak() \T1/lmr/m/n/10 is \T1/lmtt/m/n/10 plot_outbreak()\T
1/lmr/m/n/10 .
 []


Package xcolor Warning: Incompatible color definition on input line 428.


Package xcolor Warning: Incompatible color definition on input line 432.


Package xcolor Warning: Incompatible color definition on input line 432.


Overfull \hbox (44.86041pt too wide) in paragraph at lines 436--437
[]\T1/lmr/m/n/10 A sum-mary ta-ble of the in-ferred out-break events is gen-er-
ated by the \T1/lmtt/m/n/10 outbreak_stats()
 []


Package xcolor Warning: Incompatible color definition on input line 438.


Package xcolor Warning: Incompatible color definition on input line 443.


Package xcolor Warning: Incompatible color definition on input line 443.

[21] [22pdfTeX warning (ext4): destination with the same identifier (name{table
.2}) has been already used, duplicate ignored

\AtBegShi@Output ...ipout \box \AtBeginShipoutBox 
                                                  \fi \fi 
l.467 \end{landscape}
                     ]

Package xcolor Warning: Incompatible color definition on input line 471.


Package xcolor Warning: Incompatible color definition on input line 477.


Package xcolor Warning: Incompatible color definition on input line 477.

[23


] [24]
Overfull \hbox (81.79546pt too wide) in paragraph at lines 513--515
\T1/lmr/m/n/10 Columbia, Canada. For-est Ecol-ogy and Man-age-ment 335, 235--48
, doi:[]10.1016/j.foreco.2014.10.002[]. 
 []

[25]
Overfull \hbox (19.63829pt too wide) in paragraph at lines 519--521
\T1/lmr/m/n/10 Ra-dio-car-bon Cam-bridge Uni-ver-sity Press 56, S79--S83, doi:[
]10.2458/azu_rc.56.18320[]. 
 []


Overfull \hbox (52.32333pt too wide) in paragraph at lines 522--524
\T1/lmr/m/n/10 tem for den-drochronol-ogy. Den-drochronolo-gia 38, 131--35, doi
:[]10.1016/j.dendro.2016.04.005[]. 
 []


Overfull \hbox (6.20317pt too wide) in paragraph at lines 549--551
[][]\T1/lmr/m/n/10 Cook, E.R., Kru-sic, P.J., 2004. The North Amer-i-can Drough
t At-las. (Lamont-
 []


Overfull \hbox (27.80608pt too wide) in paragraph at lines 549--551
\T1/lmr/m/n/10 able at https://www.ncdc.noaa.gov/data-access/paleoclimatology-d
ata/datasets/tree-
 []

[26]
Overfull \hbox (77.06464pt too wide) in paragraph at lines 567--569
\T1/lmr/m/n/10 In-sect out-breaks re-vis-ited. Black-well Pub-lish-ing Ltd, pp.
 126--54, doi:[]10.1002/9781118295205.ch7[]. 
 []


Overfull \hbox (41.83261pt too wide) in paragraph at lines 570--572
\T1/lmr/m/n/10 anal-y-sis and graph-ics in R. Den-drochronolo-gia 49, 9--15, do
i:[]10.1016/j.dendro.2018.02.005[]. 
 []


Overfull \hbox (51.24854pt too wide) in paragraph at lines 576--578
\T1/lmr/m/n/10 us-ing R (pack-age \T1/lmtt/m/n/10 CAVIAR\T1/lmr/m/n/10 ). Den-d
rochronolo-gia 29, 139--49, doi:[]10.1016/j.dendro.2011.01.004[]. 
 []


Overfull \hbox (5.47176pt too wide) in paragraph at lines 582--584
\T1/lmr/m/n/10 orado, U.S.A. Cana-dian Jour-nal of For-est Re-search 33, 1010--
28, doi:[]10.1139/X03-
 []

[27]
Overfull \hbox (54.10182pt too wide) in paragraph at lines 591--593
\T1/lmr/m/n/10 age pro-cess-ing tech-niques. Den-drochronolo-gia 58, 125644, do
i:[]10.1016/j.dendro.2019.125644[]. 
 []


Overfull \hbox (0.6896pt too wide) in paragraph at lines 612--614
[][]\T1/lmr/m/n/10 Wickham, H., 2016. \T1/lmtt/m/n/10 ggplot2\T1/lmr/m/n/10 : E
l-e-gant Graph-ics for Data Anal-y-sis. Springer-
 []

[28]
Overfull \hbox (25.43527pt too wide) in paragraph at lines 624--626
\T1/lmr/m/n/10 bra-tion of proxy-climate re-la-tion-ships. Ecog-ra-phy 38, 431-
-36, doi:[]10.1111/ecog.01335[]. 
 []

Package atveryend Info: Empty hook `BeforeClearDocument' on input line 628.
[29]
Package atveryend Info: Empty hook `AfterLastShipout' on input line 628.
(./paper_elsevier.aux)
Package atveryend Info: Executing hook `AtVeryEndDocument' on input line 628.
Package atveryend Info: Executing hook `AtEndAfterFileList' on input line 628.
Package rerunfilecheck Info: File `paper_elsevier.out' has not changed.
(rerunfilecheck)             Checksum: C88DB8B6D522F0EA8266AA6ADCA28B09;1950.
Package atveryend Info: Empty hook `AtVeryVeryEnd' on input line 628.
 ) 
Here is how much of TeX's memory you used:
 13011 strings out of 482913
 189519 string characters out of 5957126
 443028 words of memory out of 5000000
 27875 multiletter control sequences out of 15000+600000
 592941 words of font info for 72 fonts, out of 8000000 for 9000
 14 hyphenation exceptions out of 8191
 38i,12n,37p,2282b,499s stack positions out of 5000i,500n,10000p,200000b,80000s
{c:/Users/chguiterman/AppData/Roaming/TinyTeX/texmf-dist/fonts/enc/dvips/lm/l
m-ts1.enc}{c:/Users/chguiterman/AppData/Roaming/TinyTeX/texmf-dist/fonts/enc/dv
ips/lm/lm-ec.enc}{c:/Users/chguiterman/AppData/Roaming/TinyTeX/texmf-dist/fonts
/enc/dvips/lm/lm-mathit.enc}{c:/Users/chguiterman/AppData/Roaming/TinyTeX/texmf
-dist/fonts/enc/dvips/lm/lm-mathex.enc}{c:/Users/chguiterman/AppData/Roaming/Ti
nyTeX/texmf-dist/fonts/enc/dvips/lm/lm-mathsy.enc}{c:/Users/chguiterman/AppData
/Roaming/TinyTeX/texmf-dist/fonts/enc/dvips/lm/lm-rm.enc}<c:/Users/chguiterman/
AppData/Roaming/TinyTeX/texmf-dist/fonts/type1/public/lm/lmbx10.pfb><c:/Users/c
hguiterman/AppData/Roaming/TinyTeX/texmf-dist/fonts/type1/public/lm/lmex10.pfb>
<c:/Users/chguiterman/AppData/Roaming/TinyTeX/texmf-dist/fonts/type1/public/lm/
lmmi10.pfb><c:/Users/chguiterman/AppData/Roaming/TinyTeX/texmf-dist/fonts/type1
/public/lm/lmmi7.pfb><c:/Users/chguiterman/AppData/Roaming/TinyTeX/texmf-dist/f
onts/type1/public/lm/lmr10.pfb><c:/Users/chguiterman/AppData/Roaming/TinyTeX/te
xmf-dist/fonts/type1/public/lm/lmr12.pfb><c:/Users/chguiterman/AppData/Roaming/
TinyTeX/texmf-dist/fonts/type1/public/lm/lmr5.pfb><c:/Users/chguiterman/AppData
/Roaming/TinyTeX/texmf-dist/fonts/type1/public/lm/lmr7.pfb><c:/Users/chguiterma
n/AppData/Roaming/TinyTeX/texmf-dist/fonts/type1/public/lm/lmr8.pfb><c:/Users/c
hguiterman/AppData/Roaming/TinyTeX/texmf-dist/fonts/type1/public/lm/lmri10.pfb>
<c:/Users/chguiterman/AppData/Roaming/TinyTeX/texmf-dist/fonts/type1/public/lm/
lmri7.pfb><c:/Users/chguiterman/AppData/Roaming/TinyTeX/texmf-dist/fonts/type1/
public/lm/lmri8.pfb><c:/Users/chguiterman/AppData/Roaming/TinyTeX/texmf-dist/fo
nts/type1/public/lm/lmss8.pfb><c:/Users/chguiterman/AppData/Roaming/TinyTeX/tex
mf-dist/fonts/type1/public/lm/lmsy10.pfb><c:/Users/chguiterman/AppData/Roaming/
TinyTeX/texmf-dist/fonts/type1/public/lm/lmsy6.pfb><c:/Users/chguiterman/AppDat
a/Roaming/TinyTeX/texmf-dist/fonts/type1/public/lm/lmsy7.pfb><c:/Users/chguiter
man/AppData/Roaming/TinyTeX/texmf-dist/fonts/type1/public/lm/lmtk10.pfb><c:/Use
rs/chguiterman/AppData/Roaming/TinyTeX/texmf-dist/fonts/type1/public/lm/lmtt10.
pfb><c:/Users/chguiterman/AppData/Roaming/TinyTeX/texmf-dist/fonts/type1/public
/lm/lmtt12.pfb><c:/Users/chguiterman/AppData/Roaming/TinyTeX/texmf-dist/fonts/t
ype1/public/lm/lmtt8.pfb><c:/Users/chguiterman/AppData/Roaming/TinyTeX/texmf-di
st/fonts/type1/public/lm/lmtti10.pfb>
Output written on paper_elsevier.pdf (29 pages, 477627 bytes).
PDF statistics:
 464 PDF objects out of 1000 (max. 8388607)
 399 compressed objects within 4 object streams
 113 named destinations out of 1000 (max. 500000)
 133 words of extra memory for PDF output out of 10000 (max. 10000000)

